This is pdfTeX, Version 3.14159265-2.6-1.40.19 (TeX Live 2018) (preloaded format=pdflatex 2018.4.16)  12 NOV 2018 11:19
entering extended mode
 \write18 enabled.
 file:line:error style messages enabled.
 %&-line parsing enabled.
**main.tex
(./main.tex
LaTeX2e <2018-04-01> patch level 2
Babel <3.18> and hyphenation patterns for 84 language(s) loaded.
(/usr/local/texlive/2018/texmf-dist/tex/latex/base/report.cls
Document Class: report 2014/09/29 v1.4h Standard LaTeX document class
(/usr/local/texlive/2018/texmf-dist/tex/latex/base/size12.clo
File: size12.clo 2014/09/29 v1.4h Standard LaTeX file (size option)
)
\c@part=\count80
\c@chapter=\count81
\c@section=\count82
\c@subsection=\count83
\c@subsubsection=\count84
\c@paragraph=\count85
\c@subparagraph=\count86
\c@figure=\count87
\c@table=\count88
\abovecaptionskip=\skip41
\belowcaptionskip=\skip42
\bibindent=\dimen102
) (/usr/local/texlive/2018/texmf-dist/tex/latex/braket/braket.sty) (/usr/local/texlive/2018/texmf-dist/tex/latex/wrapfig/wrapfig.sty
\wrapoverhang=\dimen103
\WF@size=\dimen104
\c@WF@wrappedlines=\count89
\WF@box=\box26
\WF@everypar=\toks14
Package: wrapfig 2003/01/31  v 3.6
) (/usr/local/texlive/2018/texmf-dist/tex/latex/doublestroke/dsfont.sty
Package: dsfont 1995/08/01 v0.1 Double stroke roman fonts
) (/usr/local/texlive/2018/texmf-dist/tex/latex/base/inputenc.sty
Package: inputenc 2018/04/06 v1.3b Input encoding file
\inpenc@prehook=\toks15
\inpenc@posthook=\toks16
) (/usr/local/texlive/2018/texmf-dist/tex/latex/amsmath/amsmath.sty
Package: amsmath 2017/09/02 v2.17a AMS math features
\@mathmargin=\skip43

For additional information on amsmath, use the `?' option.
(/usr/local/texlive/2018/texmf-dist/tex/latex/amsmath/amstext.sty
Package: amstext 2000/06/29 v2.01 AMS text
 (/usr/local/texlive/2018/texmf-dist/tex/latex/amsmath/amsgen.sty
File: amsgen.sty 1999/11/30 v2.0 generic functions
\@emptytoks=\toks17
\ex@=\dimen105
)) (/usr/local/texlive/2018/texmf-dist/tex/latex/amsmath/amsbsy.sty
Package: amsbsy 1999/11/29 v1.2d Bold Symbols
\pmbraise@=\dimen106
) (/usr/local/texlive/2018/texmf-dist/tex/latex/amsmath/amsopn.sty
Package: amsopn 2016/03/08 v2.02 operator names
)
\inf@bad=\count90
LaTeX Info: Redefining \frac on input line 213.
\uproot@=\count91
\leftroot@=\count92
LaTeX Info: Redefining \overline on input line 375.
\classnum@=\count93
\DOTSCASE@=\count94
LaTeX Info: Redefining \ldots on input line 472.
LaTeX Info: Redefining \dots on input line 475.
LaTeX Info: Redefining \cdots on input line 596.
\Mathstrutbox@=\box27
\strutbox@=\box28
\big@size=\dimen107
LaTeX Font Info:    Redeclaring font encoding OML on input line 712.
LaTeX Font Info:    Redeclaring font encoding OMS on input line 713.
\macc@depth=\count95
\c@MaxMatrixCols=\count96
\dotsspace@=\muskip10
\c@parentequation=\count97
\dspbrk@lvl=\count98
\tag@help=\toks18
\row@=\count99
\column@=\count100
\maxfields@=\count101
\andhelp@=\toks19
\eqnshift@=\dimen108
\alignsep@=\dimen109
\tagshift@=\dimen110
\tagwidth@=\dimen111
\totwidth@=\dimen112
\lineht@=\dimen113
\@envbody=\toks20
\multlinegap=\skip44
\multlinetaggap=\skip45
\mathdisplay@stack=\toks21
LaTeX Info: Redefining \[ on input line 2817.
LaTeX Info: Redefining \] on input line 2818.
) (/usr/local/texlive/2018/texmf-dist/tex/latex/graphics/graphicx.sty
Package: graphicx 2017/06/01 v1.1a Enhanced LaTeX Graphics (DPC,SPQR)
 (/usr/local/texlive/2018/texmf-dist/tex/latex/graphics/keyval.sty
Package: keyval 2014/10/28 v1.15 key=value parser (DPC)
\KV@toks@=\toks22
) (/usr/local/texlive/2018/texmf-dist/tex/latex/graphics/graphics.sty
Package: graphics 2017/06/25 v1.2c Standard LaTeX Graphics (DPC,SPQR)
 (/usr/local/texlive/2018/texmf-dist/tex/latex/graphics/trig.sty
Package: trig 2016/01/03 v1.10 sin cos tan (DPC)
) (/usr/local/texlive/2018/texmf-dist/tex/latex/graphics-cfg/graphics.cfg
File: graphics.cfg 2016/06/04 v1.11 sample graphics configuration
)
Package graphics Info: Driver file: pdftex.def on input line 99.
 (/usr/local/texlive/2018/texmf-dist/tex/latex/graphics-def/pdftex.def
File: pdftex.def 2018/01/08 v1.0l Graphics/color driver for pdftex
))
\Gin@req@height=\dimen114
\Gin@req@width=\dimen115
) (/usr/local/texlive/2018/texmf-dist/tex/latex/caption/subcaption.sty
Package: subcaption 2016/05/22 v1.1-161 Sub-captions (AR)
 (/usr/local/texlive/2018/texmf-dist/tex/latex/caption/caption.sty
Package: caption 2016/02/21 v3.3-144 Customizing captions (AR)
 (/usr/local/texlive/2018/texmf-dist/tex/latex/caption/caption3.sty
Package: caption3 2016/05/22 v1.7-166 caption3 kernel (AR)
Package caption3 Info: TeX engine: e-TeX on input line 67.
\captionmargin=\dimen116
\captionmargin@=\dimen117
\captionwidth=\dimen118
\caption@tempdima=\dimen119
\caption@indent=\dimen120
\caption@parindent=\dimen121
\caption@hangindent=\dimen122
)
\c@ContinuedFloat=\count102
Package caption Info: wrapfig package is loaded.
)
\c@subfigure=\count103
\c@subtable=\count104
) (/usr/local/texlive/2018/texmf-dist/tex/latex/geometry/geometry.sty
Package: geometry 2018/03/24 v5.7 Page Geometry
 (/usr/local/texlive/2018/texmf-dist/tex/generic/oberdiek/ifpdf.sty
Package: ifpdf 2017/03/15 v3.2 Provides the ifpdf switch
) (/usr/local/texlive/2018/texmf-dist/tex/generic/oberdiek/ifvtex.sty
Package: ifvtex 2016/05/16 v1.6 Detect VTeX and its facilities (HO)
Package ifvtex Info: VTeX not detected.
) (/usr/local/texlive/2018/texmf-dist/tex/generic/ifxetex/ifxetex.sty
Package: ifxetex 2010/09/12 v0.6 Provides ifxetex conditional
)
\Gm@cnth=\count105
\Gm@cntv=\count106
\c@Gm@tempcnt=\count107
\Gm@bindingoffset=\dimen123
\Gm@wd@mp=\dimen124
\Gm@odd@mp=\dimen125
\Gm@even@mp=\dimen126
\Gm@layoutwidth=\dimen127
\Gm@layoutheight=\dimen128
\Gm@layouthoffset=\dimen129
\Gm@layoutvoffset=\dimen130
\Gm@dimlist=\toks23
) (/usr/local/texlive/2018/texmf-dist/tex/latex/tools/multicol.sty
Package: multicol 2018/04/01 v1.8r multicolumn formatting (FMi)
\c@tracingmulticols=\count108
\mult@box=\box29
\multicol@leftmargin=\dimen131
\c@unbalance=\count109
\c@collectmore=\count110
\doublecol@number=\count111
\multicoltolerance=\count112
\multicolpretolerance=\count113
\full@width=\dimen132
\page@free=\dimen133
\premulticols=\dimen134
\postmulticols=\dimen135
\multicolsep=\skip46
\multicolbaselineskip=\skip47
\partial@page=\box30
\last@line=\box31
\maxbalancingoverflow=\dimen136
\mult@rightbox=\box32
\mult@grightbox=\box33
\mult@gfirstbox=\box34
\mult@firstbox=\box35
\@tempa=\box36
\@tempa=\box37
\@tempa=\box38
\@tempa=\box39
\@tempa=\box40
\@tempa=\box41
\@tempa=\box42
\@tempa=\box43
\@tempa=\box44
\@tempa=\box45
\@tempa=\box46
\@tempa=\box47
\@tempa=\box48
\@tempa=\box49
\@tempa=\box50
\@tempa=\box51
\@tempa=\box52
\c@columnbadness=\count114
\c@finalcolumnbadness=\count115
\last@try=\dimen137
\multicolovershoot=\dimen138
\multicolundershoot=\dimen139
\mult@nat@firstbox=\box53
\colbreak@box=\box54
\mc@col@check@num=\count116
) (/usr/local/texlive/2018/texmf-dist/tex/latex/preprint/authblk.sty
Package: authblk 2001/02/27 1.3 (PWD)
\affilsep=\skip48
\@affilsep=\skip49
\c@Maxaffil=\count117
\c@authors=\count118
\c@affil=\count119
) (/usr/local/texlive/2018/texmf-dist/tex/latex/cite/cite.sty
LaTeX Info: Redefining \cite on input line 302.
LaTeX Info: Redefining \nocite on input line 332.
Package: cite 2015/02/27  v 5.5
) (/Users/creative-work/Desktop/aux/thesis/thesis/.texpadtmp/main.aux

LaTeX Warning: Label `eq:pot0' multiply defined.


LaTeX Warning: Label `fig:sub1' multiply defined.


LaTeX Warning: Label `sub@fig:sub1' multiply defined.


LaTeX Warning: Label `fig:sub2' multiply defined.


LaTeX Warning: Label `sub@fig:sub2' multiply defined.


LaTeX Warning: Label `fig:test' multiply defined.


LaTeX Warning: Label `eq:linear-system' multiply defined.


LaTeX Warning: Label `eq:error' multiply defined.


LaTeX Warning: Label `fig:numerical-phi' multiply defined.


LaTeX Warning: Label `fig:numerical-phi' multiply defined.


LaTeX Warning: Label `eq:diffusion-1d' multiply defined.


LaTeX Warning: Label `bc-delta' multiply defined.

)
\openout1 = `main.aux'.

LaTeX Font Info:    Checking defaults for OML/cmm/m/it on input line 35.
LaTeX Font Info:    ... okay on input line 35.
LaTeX Font Info:    Checking defaults for T1/cmr/m/n on input line 35.
LaTeX Font Info:    ... okay on input line 35.
LaTeX Font Info:    Checking defaults for OT1/cmr/m/n on input line 35.
LaTeX Font Info:    ... okay on input line 35.
LaTeX Font Info:    Checking defaults for OMS/cmsy/m/n on input line 35.
LaTeX Font Info:    ... okay on input line 35.
LaTeX Font Info:    Checking defaults for OMX/cmex/m/n on input line 35.
LaTeX Font Info:    ... okay on input line 35.
LaTeX Font Info:    Checking defaults for U/cmr/m/n on input line 35.
LaTeX Font Info:    ... okay on input line 35.
 (/usr/local/texlive/2018/texmf-dist/tex/context/base/mkii/supp-pdf.mkii
[Loading MPS to PDF converter (version 2006.09.02).]
\scratchcounter=\count120
\scratchdimen=\dimen140
\scratchbox=\box55
\nofMPsegments=\count121
\nofMParguments=\count122
\everyMPshowfont=\toks24
\MPscratchCnt=\count123
\MPscratchDim=\dimen141
\MPnumerator=\count124
\makeMPintoPDFobject=\count125
\everyMPtoPDFconversion=\toks25
) (/usr/local/texlive/2018/texmf-dist/tex/latex/oberdiek/epstopdf-base.sty
Package: epstopdf-base 2016/05/15 v2.6 Base part for package epstopdf
 (/usr/local/texlive/2018/texmf-dist/tex/generic/oberdiek/infwarerr.sty
Package: infwarerr 2016/05/16 v1.4 Providing info/warning/error messages (HO)
) (/usr/local/texlive/2018/texmf-dist/tex/latex/oberdiek/grfext.sty
Package: grfext 2016/05/16 v1.2 Manage graphics extensions (HO)
 (/usr/local/texlive/2018/texmf-dist/tex/generic/oberdiek/kvdefinekeys.sty
Package: kvdefinekeys 2016/05/16 v1.4 Define keys (HO)
 (/usr/local/texlive/2018/texmf-dist/tex/generic/oberdiek/ltxcmds.sty
Package: ltxcmds 2016/05/16 v1.23 LaTeX kernel commands for general use (HO)
))) (/usr/local/texlive/2018/texmf-dist/tex/latex/oberdiek/kvoptions.sty
Package: kvoptions 2016/05/16 v3.12 Key value format for package options (HO)
 (/usr/local/texlive/2018/texmf-dist/tex/generic/oberdiek/kvsetkeys.sty
Package: kvsetkeys 2016/05/16 v1.17 Key value parser (HO)
 (/usr/local/texlive/2018/texmf-dist/tex/generic/oberdiek/etexcmds.sty
Package: etexcmds 2016/05/16 v1.6 Avoid name clashes with e-TeX commands (HO)
 (/usr/local/texlive/2018/texmf-dist/tex/generic/oberdiek/ifluatex.sty
Package: ifluatex 2016/05/16 v1.4 Provides the ifluatex switch (HO)
Package ifluatex Info: LuaTeX not detected.
)
Package etexcmds Info: Could not find \expanded.
(etexcmds)             That can mean that you are not using pdfTeX 1.50 or
(etexcmds)             that some package has redefined \expanded.
(etexcmds)             In the latter case, load this package earlier.
))) (/usr/local/texlive/2018/texmf-dist/tex/generic/oberdiek/pdftexcmds.sty
Package: pdftexcmds 2018/01/30 v0.27 Utility functions of pdfTeX for LuaTeX (HO)
Package pdftexcmds Info: LuaTeX not detected.
Package pdftexcmds Info: \pdf@primitive is available.
Package pdftexcmds Info: \pdf@ifprimitive is available.
Package pdftexcmds Info: \pdfdraftmode found.
)
Package epstopdf-base Info: Redefining graphics rule for `.eps' on input line 438.
Package grfext Info: Graphics extension search list:
(grfext)             [.pdf,.png,.jpg,.mps,.jpeg,.jbig2,.jb2,.PDF,.PNG,.JPG,.JPEG,.JBIG2,.JB2,.eps]
(grfext)             \AppendGraphicsExtensions on input line 456.
 (/usr/local/texlive/2018/texmf-dist/tex/latex/latexconfig/epstopdf-sys.cfg
File: epstopdf-sys.cfg 2010/07/13 v1.3 Configuration of (r)epstopdf for TeX Live
))
Package caption Info: Begin \AtBeginDocument code.
Package caption Info: End \AtBeginDocument code.

*geometry* driver: auto-detecting
*geometry* detected driver: pdftex
*geometry* verbose mode - [ preamble ] result:
* driver: pdftex
* paper: <default>
* layout: <same size as paper>
* layoutoffset:(h,v)=(0.0pt,0.0pt)
* modes: 
* h-part:(L,W,R)=(71.13188pt, 472.03123pt, 71.13188pt)
* v-part:(T,H,B)=(56.9055pt, 666.9326pt, 71.13188pt)
* \paperwidth=614.295pt
* \paperheight=794.96999pt
* \textwidth=472.03123pt
* \textheight=666.9326pt
* \oddsidemargin=-1.1381pt
* \evensidemargin=-1.1381pt
* \topmargin=-52.36449pt
* \headheight=12.0pt
* \headsep=25.0pt
* \topskip=12.0pt
* \footskip=30.0pt
* \marginparwidth=44.0pt
* \marginparsep=10.0pt
* \columnsep=10.0pt
* \skip\footins=10.8pt plus 4.0pt minus 2.0pt
* \hoffset=0.0pt
* \voffset=0.0pt
* \mag=1000
* \@twocolumnfalse
* \@twosidefalse
* \@mparswitchfalse
* \@reversemarginfalse
* (1in=72.27pt=25.4mm, 1cm=28.453pt)

[1

{/usr/local/texlive/2018/texmf-var/fonts/map/pdftex/updmap/pdftex.map}] (/Users/creative-work/Desktop/aux/thesis/thesis/.texpadtmp/main.toc)
\tf@toc=\write3
\openout3 = `main.toc'.

 [1

]
Chapter 1.
(./chapters/ch02/0-diffusion-reaction-system.tex) [2

] [3]
Chapter 2.
(./chapters/ch02/1-analytic-solution.tex
Package epstopdf Info: Source file: <./img/comparison-phi.eps>
(epstopdf)                    date: 2018-02-05 16:56:38
(epstopdf)                    size: 500405 bytes
(epstopdf)             Output file: <./img/comparison-phi-eps-converted-to.pdf>
(epstopdf)                    date: 2018-04-25 23:03:53
(epstopdf)                    size: 84896 bytes
(epstopdf)             Command: <epstopdf --outfile=./img/comparison-phi-eps-converted-to.pdf ./img/comparison-phi.eps>
(epstopdf)             \includegraphics on input line 25.
Package epstopdf Info: Output file is already uptodate.
<./img/comparison-phi-eps-converted-to.pdf, id=24, 433.62pt x 289.08pt>
File: ./img/comparison-phi-eps-converted-to.pdf Graphic file (type pdf)
<use ./img/comparison-phi-eps-converted-to.pdf>
Package pdftex.def Info: ./img/comparison-phi-eps-converted-to.pdf  used on input line 25.
(pdftex.def)             Requested size: 283.22162pt x 188.82166pt.


LaTeX Warning: `!h' float specifier changed to `!ht'.

[4

] [5 <./img/comparison-phi-eps-converted-to.pdf>]
<./img/geometry.png, id=71, 642.4pt x 401.5pt>
File: ./img/geometry.png Graphic file (type png)
<use ./img/geometry.png>
Package pdftex.def Info: ./img/geometry.png  used on input line 63.
(pdftex.def)             Requested size: 236.01561pt x 147.51118pt.
 [6 <./img/geometry.png>] [7] [8] [9] [10]
Package epstopdf Info: Source file: <./img/sigma-voltage.eps>
(epstopdf)                    date: 2018-08-07 12:20:44
(epstopdf)                    size: 25902 bytes
(epstopdf)             Output file: <./img/sigma-voltage-eps-converted-to.pdf>
(epstopdf)                    date: 2018-08-07 12:21:28
(epstopdf)                    size: 13638 bytes
(epstopdf)             Command: <epstopdf --outfile=./img/sigma-voltage-eps-converted-to.pdf ./img/sigma-voltage.eps>
(epstopdf)             \includegraphics on input line 319.
Package epstopdf Info: Output file is already uptodate.
<./img/sigma-voltage-eps-converted-to.pdf, id=92, 433.62pt x 289.08pt>
File: ./img/sigma-voltage-eps-converted-to.pdf Graphic file (type pdf)
<use ./img/sigma-voltage-eps-converted-to.pdf>
Package pdftex.def Info: ./img/sigma-voltage-eps-converted-to.pdf  used on input line 319.
(pdftex.def)             Requested size: 188.8096pt x 125.87228pt.
Package epstopdf Info: Source file: <./img/voltage-sigma.eps>
(epstopdf)                    date: 2018-08-07 12:20:36
(epstopdf)                    size: 25293 bytes
(epstopdf)             Output file: <./img/voltage-sigma-eps-converted-to.pdf>
(epstopdf)                    date: 2018-08-07 12:21:29
(epstopdf)                    size: 13935 bytes
(epstopdf)             Command: <epstopdf --outfile=./img/voltage-sigma-eps-converted-to.pdf ./img/voltage-sigma.eps>
(epstopdf)             \includegraphics on input line 325.
Package epstopdf Info: Output file is already uptodate.
<./img/voltage-sigma-eps-converted-to.pdf, id=93, 433.62pt x 289.08pt>
File: ./img/voltage-sigma-eps-converted-to.pdf Graphic file (type pdf)
<use ./img/voltage-sigma-eps-converted-to.pdf>
Package pdftex.def Info: ./img/voltage-sigma-eps-converted-to.pdf  used on input line 325.
(pdftex.def)             Requested size: 188.8096pt x 125.87228pt.
Package epstopdf Info: Source file: <./img/sigma-concentration.eps>
(epstopdf)                    date: 2018-08-07 12:14:58
(epstopdf)                    size: 30376 bytes
(epstopdf)             Output file: <./img/sigma-concentration-eps-converted-to.pdf>
(epstopdf)                    date: 2018-08-07 12:20:04
(epstopdf)                    size: 16775 bytes
(epstopdf)             Command: <epstopdf --outfile=./img/sigma-concentration-eps-converted-to.pdf ./img/sigma-concentration.eps>
(epstopdf)             \includegraphics on input line 337.
Package epstopdf Info: Output file is already uptodate.
<./img/sigma-concentration-eps-converted-to.pdf, id=94, 433.62pt x 289.08pt>
File: ./img/sigma-concentration-eps-converted-to.pdf Graphic file (type pdf)
<use ./img/sigma-concentration-eps-converted-to.pdf>
Package pdftex.def Info: ./img/sigma-concentration-eps-converted-to.pdf  used on input line 337.
(pdftex.def)             Requested size: 188.8096pt x 125.87228pt.
Package epstopdf Info: Source file: <./img/voltage-concentration.eps>
(epstopdf)                    date: 2018-08-07 12:14:59
(epstopdf)                    size: 30912 bytes
(epstopdf)             Output file: <./img/voltage-concentration-eps-converted-to.pdf>
(epstopdf)                    date: 2018-08-07 12:20:04
(epstopdf)                    size: 15811 bytes
(epstopdf)             Command: <epstopdf --outfile=./img/voltage-concentration-eps-converted-to.pdf ./img/voltage-concentration.eps>
(epstopdf)             \includegraphics on input line 343.
Package epstopdf Info: Output file is already uptodate.
<./img/voltage-concentration-eps-converted-to.pdf, id=95, 433.62pt x 289.08pt>
File: ./img/voltage-concentration-eps-converted-to.pdf Graphic file (type pdf)
<use ./img/voltage-concentration-eps-converted-to.pdf>
Package pdftex.def Info: ./img/voltage-concentration-eps-converted-to.pdf  used on input line 343.
(pdftex.def)             Requested size: 188.8096pt x 125.87228pt.
 [11 <./img/sigma-voltage-eps-converted-to.pdf> <./img/voltage-sigma-eps-converted-to.pdf> <./img/sigma-concentration-eps-converted-to.pdf> <./img/voltage-concentration-eps-converted-to.pdf>] [12]
Package epstopdf Info: Source file: <./img/concentrations.eps>
(epstopdf)                    date: 2018-04-12 12:37:48
(epstopdf)                    size: 34387 bytes
(epstopdf)             Output file: <./img/concentrations-eps-converted-to.pdf>
(epstopdf)                    date: 2018-04-25 23:03:54
(epstopdf)                    size: 18339 bytes
(epstopdf)             Command: <epstopdf --outfile=./img/concentrations-eps-converted-to.pdf ./img/concentrations.eps>
(epstopdf)             \includegraphics on input line 411.
Package epstopdf Info: Output file is already uptodate.
<./img/concentrations-eps-converted-to.pdf, id=250, 462.72874pt x 346.29375pt>
File: ./img/concentrations-eps-converted-to.pdf Graphic file (type pdf)
<use ./img/concentrations-eps-converted-to.pdf>
Package pdftex.def Info: ./img/concentrations-eps-converted-to.pdf  used on input line 411.
(pdftex.def)             Requested size: 354.02342pt x 264.94554pt.
 [13 <./img/concentrations-eps-converted-to.pdf>]
Package epstopdf Info: Source file: <./img/potentials-ana.eps>
(epstopdf)                    date: 2018-04-12 11:46:21
(epstopdf)                    size: 37125 bytes
(epstopdf)             Output file: <./img/potentials-ana-eps-converted-to.pdf>
(epstopdf)                    date: 2018-04-25 23:03:55
(epstopdf)                    size: 19748 bytes
(epstopdf)             Command: <epstopdf --outfile=./img/potentials-ana-eps-converted-to.pdf ./img/potentials-ana.eps>
(epstopdf)             \includegraphics on input line 478.
Package epstopdf Info: Output file is already uptodate.
<./img/potentials-ana-eps-converted-to.pdf, id=306, 462.72874pt x 346.29375pt>
File: ./img/potentials-ana-eps-converted-to.pdf Graphic file (type pdf)
<use ./img/potentials-ana-eps-converted-to.pdf>
Package pdftex.def Info: ./img/potentials-ana-eps-converted-to.pdf  used on input line 478.
(pdftex.def)             Requested size: 283.22162pt x 211.95749pt.
 [14]) (./chapters/ch02/2-numeric-solution.tex [15 <./img/potentials-ana-eps-converted-to.pdf>] [16]

LaTeX Warning: Reference `eq:border-conditions' on page 17 undefined on input line 97.

[17]
LaTeX Font Info:    Try loading font information for OMS+cmr on input line 146.
 (/usr/local/texlive/2018/texmf-dist/tex/latex/base/omscmr.fd
File: omscmr.fd 2014/09/29 v2.5h Standard LaTeX font definitions
)
LaTeX Font Info:    Font shape `OMS/cmr/m/n' in size <12> not available
(Font)              Font shape `OMS/cmsy/m/n' tried instead on input line 146.
 [18] [19]
Package epstopdf Info: Source file: <./img/concentration-num.eps>
(epstopdf)                    date: 2018-04-25 22:53:49
(epstopdf)                    size: 50622 bytes
(epstopdf)             Output file: <./img/concentration-num-eps-converted-to.pdf>
(epstopdf)                    date: 2018-04-25 23:03:55
(epstopdf)                    size: 26131 bytes
(epstopdf)             Command: <epstopdf --outfile=./img/concentration-num-eps-converted-to.pdf ./img/concentration-num.eps>
(epstopdf)             \includegraphics on input line 171.
Package epstopdf Info: Output file is already uptodate.
<./img/concentration-num-eps-converted-to.pdf, id=379, 462.72874pt x 346.29375pt>
File: ./img/concentration-num-eps-converted-to.pdf Graphic file (type pdf)
<use ./img/concentration-num-eps-converted-to.pdf>
Package pdftex.def Info: ./img/concentration-num-eps-converted-to.pdf  used on input line 171.
(pdftex.def)             Requested size: 283.22162pt x 211.95749pt.
Package epstopdf Info: Source file: <./img/Efield-numeric.eps>
(epstopdf)                    date: 2018-04-25 22:53:49
(epstopdf)                    size: 29762 bytes
(epstopdf)             Output file: <./img/Efield-numeric-eps-converted-to.pdf>
(epstopdf)                    date: 2018-04-25 23:30:59
(epstopdf)                    size: 16982 bytes
(epstopdf)             Command: <epstopdf --outfile=./img/Efield-numeric-eps-converted-to.pdf ./img/Efield-numeric.eps>
(epstopdf)             \includegraphics on input line 181.
Package epstopdf Info: Output file is already uptodate.
<./img/Efield-numeric-eps-converted-to.pdf, id=380, 462.72874pt x 346.29375pt>
File: ./img/Efield-numeric-eps-converted-to.pdf Graphic file (type pdf)
<use ./img/Efield-numeric-eps-converted-to.pdf>
Package pdftex.def Info: ./img/Efield-numeric-eps-converted-to.pdf  used on input line 181.
(pdftex.def)             Requested size: 283.22162pt x 211.95749pt.
Package epstopdf Info: Source file: <./img/potential-num.eps>
(epstopdf)                    date: 2018-04-25 23:01:09
(epstopdf)                    size: 30575 bytes
(epstopdf)             Output file: <./img/potential-num-eps-converted-to.pdf>
(epstopdf)                    date: 2018-04-25 23:03:56
(epstopdf)                    size: 18700 bytes
(epstopdf)             Command: <epstopdf --outfile=./img/potential-num-eps-converted-to.pdf ./img/potential-num.eps>
(epstopdf)             \includegraphics on input line 192.
Package epstopdf Info: Output file is already uptodate.
<./img/potential-num-eps-converted-to.pdf, id=381, 462.72874pt x 346.29375pt>
File: ./img/potential-num-eps-converted-to.pdf Graphic file (type pdf)
<use ./img/potential-num-eps-converted-to.pdf>
Package pdftex.def Info: ./img/potential-num-eps-converted-to.pdf  used on input line 192.
(pdftex.def)             Requested size: 283.22162pt x 211.95749pt.


LaTeX Warning: `!h' float specifier changed to `!ht'.

[20 <./img/concentration-num-eps-converted-to.pdf> <./img/Efield-numeric-eps-converted-to.pdf>] [21 <./img/potential-num-eps-converted-to.pdf>]
Package epstopdf Info: Source file: <./img/concentration-results.eps>
(epstopdf)                    date: 2018-04-25 22:21:46
(epstopdf)                    size: 55659 bytes
(epstopdf)             Output file: <./img/concentration-results-eps-converted-to.pdf>
(epstopdf)                    date: 2018-04-25 23:03:57
(epstopdf)                    size: 27635 bytes
(epstopdf)             Command: <epstopdf --outfile=./img/concentration-results-eps-converted-to.pdf ./img/concentration-results.eps>
(epstopdf)             \includegraphics on input line 214.
Package epstopdf Info: Output file is already uptodate.
<./img/concentration-results-eps-converted-to.pdf, id=543, 462.72874pt x 346.29375pt>
File: ./img/concentration-results-eps-converted-to.pdf Graphic file (type pdf)
<use ./img/concentration-results-eps-converted-to.pdf>
Package pdftex.def Info: ./img/concentration-results-eps-converted-to.pdf  used on input line 214.
(pdftex.def)             Requested size: 283.22162pt x 211.95749pt.


LaTeX Warning: Reference `' on page 22 undefined on input line 220.

Package epstopdf Info: Source file: <./img/potential-results.eps>
(epstopdf)                    date: 2018-04-25 22:21:47
(epstopdf)                    size: 34061 bytes
(epstopdf)             Output file: <./img/potential-results-eps-converted-to.pdf>
(epstopdf)                    date: 2018-04-25 23:03:57
(epstopdf)                    size: 20158 bytes
(epstopdf)             Command: <epstopdf --outfile=./img/potential-results-eps-converted-to.pdf ./img/potential-results.eps>
(epstopdf)             \includegraphics on input line 225.
Package epstopdf Info: Output file is already uptodate.
<./img/potential-results-eps-converted-to.pdf, id=544, 462.72874pt x 346.29375pt>
File: ./img/potential-results-eps-converted-to.pdf Graphic file (type pdf)
<use ./img/potential-results-eps-converted-to.pdf>
Package pdftex.def Info: ./img/potential-results-eps-converted-to.pdf  used on input line 225.
(pdftex.def)             Requested size: 283.22162pt x 211.95749pt.

LaTeX Warning: Reference `sec:analytic-result' on page 22 undefined on input line 226.


LaTeX Warning: Reference `sec:analytic-result' on page 22 undefined on input line 226.


LaTeX Warning: `!h' float specifier changed to `!ht'.

Package epstopdf Info: Source file: <./img/efield-results.eps>
(epstopdf)                    date: 2018-04-25 22:21:47
(epstopdf)                    size: 32488 bytes
(epstopdf)             Output file: <./img/efield-results-eps-converted-to.pdf>
(epstopdf)                    date: 2018-04-25 23:03:58
(epstopdf)                    size: 18841 bytes
(epstopdf)             Command: <epstopdf --outfile=./img/efield-results-eps-converted-to.pdf ./img/efield-results.eps>
(epstopdf)             \includegraphics on input line 233.
Package epstopdf Info: Output file is already uptodate.
<./img/efield-results-eps-converted-to.pdf, id=545, 462.72874pt x 346.29375pt>
File: ./img/efield-results-eps-converted-to.pdf Graphic file (type pdf)
<use ./img/efield-results-eps-converted-to.pdf>
Package pdftex.def Info: ./img/efield-results-eps-converted-to.pdf  used on input line 233.
(pdftex.def)             Requested size: 283.22162pt x 211.95749pt.

LaTeX Warning: `!h' float specifier changed to `!ht'.

) [22 <./img/concentration-results-eps-converted-to.pdf>] [23 <./img/potential-results-eps-converted-to.pdf> <./img/efield-results-eps-converted-to.pdf>]
Chapter 3.
(./chapters/ch03/3-dynamic-solution-analytic.tex [24

] [25]) (./chapters/ch03/3-dynamic-solution-numeric.tex) [26] (/Users/creative-work/Desktop/aux/thesis/thesis/.texpadtmp/main.bbl

LaTeX Warning: Empty `thebibliography' environment on input line 3.

) [27

] (/Users/creative-work/Desktop/aux/thesis/thesis/.texpadtmp/main.aux)

LaTeX Warning: There were undefined references.


LaTeX Warning: There were multiply-defined labels.

 ) 
Here is how much of TeX's memory you used:
 4255 strings out of 492649
 66761 string characters out of 6129622
 142894 words of memory out of 5000000
 8025 multiletter control sequences out of 15000+600000
 14346 words of font info for 50 fonts, out of 8000000 for 9000
 1141 hyphenation exceptions out of 8191
 42i,13n,40p,904b,444s stack positions out of 5000i,500n,10000p,200000b,80000s
</usr/local/texlive/2018/texmf-dist/fonts/type1/public/amsfonts/cm/cmbx10.pfb></usr/local/texlive/2018/texmf-dist/fonts/type1/public/amsfonts/cm/cmbx12.pfb></usr/local/texlive/2018/texmf-dist/fonts/type1/public/amsfonts/cm/cmbxti10.pfb></usr/local/texlive/2018/texmf-dist/fonts/type1/public/amsfonts/cm/cmex10.pfb></usr/local/texlive/2018/texmf-dist/fonts/type1/public/amsfonts/cmextra/cmex8.pfb></usr/local/texlive/2018/texmf-dist/fonts/type1/public/amsfonts/cm/cmmi10.pfb></usr/local/texlive/2018/texmf-dist/fonts/type1/public/amsfonts/cm/cmmi12.pfb></usr/local/texlive/2018/texmf-dist/fonts/type1/public/amsfonts/cm/cmmi6.pfb></usr/local/texlive/2018/texmf-dist/fonts/type1/public/amsfonts/cm/cmmi8.pfb></usr/local/texlive/2018/texmf-dist/fonts/type1/public/amsfonts/cm/cmr10.pfb></usr/local/texlive/2018/texmf-dist/fonts/type1/public/amsfonts/cm/cmr12.pfb></usr/local/texlive/2018/texmf-dist/fonts/type1/public/amsfonts/cm/cmr6.pfb></usr/local/texlive/2018/texmf-dist/fonts/type1/public/amsfonts/cm/cmr8.pfb></usr/local/texlive/2018/texmf-dist/fonts/type1/public/amsfonts/cm/cmsy10.pfb></usr/local/texlive/2018/texmf-dist/fonts/type1/public/amsfonts/cm/cmsy6.pfb></usr/local/texlive/2018/texmf-dist/fonts/type1/public/amsfonts/cm/cmsy8.pfb></usr/local/texlive/2018/texmf-dist/fonts/type1/public/amsfonts/cm/cmti10.pfb></usr/local/texlive/2018/texmf-dist/fonts/type1/public/amsfonts/cm/cmti12.pfb>
Output written on /Users/creative-work/Desktop/aux/thesis/thesis/.texpadtmp/main.pdf (28 pages, 547350 bytes).
PDF statistics:
 785 PDF objects out of 1000 (max. 8388607)
 210 compressed objects within 3 object streams
 0 named destinations out of 1000 (max. 500000)
 71 words of extra memory for PDF output out of 10000 (max. 10000000)

