\BOOKMARK [0][-]{chapter.1}{Diffusion Of Electrolytes In Solution}{}% 1
\BOOKMARK [1][-]{section.1.1}{Diffusion Processes}{chapter.1}% 2
\BOOKMARK [2][-]{subsection.1.1.1}{Historical Note}{section.1.1}% 3
\BOOKMARK [2][-]{subsection.1.1.2}{Derivation Of Fick's Second Law}{section.1.1}% 4
\BOOKMARK [2][-]{subsection.1.1.3}{Diffusion Coefficients}{section.1.1}% 5
\BOOKMARK [2][-]{subsection.1.1.4}{Langevin Equation}{section.1.1}% 6
\BOOKMARK [2][-]{subsection.1.1.5}{Diffusion of Electrolytes}{section.1.1}% 7
\BOOKMARK [2][-]{subsection.1.1.6}{Copper Electro-refining Process}{section.1.1}% 8
\BOOKMARK [1][-]{section.1.2}{Langmuir Adsorption Model}{chapter.1}% 9
\BOOKMARK [1][-]{section.1.3}{Diffusion Of Electrolytes In Electro-refining Context}{chapter.1}% 10
\BOOKMARK [1][-]{section.1.4}{Context Of This Work}{chapter.1}% 11
\BOOKMARK [0][-]{chapter.2}{Review Of Numerical Methods For ODE And PDE Solving}{}% 12
\BOOKMARK [1][-]{section.2.1}{Runge-Kutta Method}{chapter.2}% 13
\BOOKMARK [1][-]{section.2.2}{The Shooting Method}{chapter.2}% 14
\BOOKMARK [1][-]{section.2.3}{Ridder's Method}{chapter.2}% 15
\BOOKMARK [1][-]{section.2.4}{Finite Difference Methods}{chapter.2}% 16
\BOOKMARK [2][-]{subsection.2.4.1}{Error In Finite Difference Methods}{section.2.4}% 17
\BOOKMARK [1][-]{section.2.5}{Applying Finite Difference Methods to PDEs}{chapter.2}% 18
\BOOKMARK [2][-]{subsection.2.5.1}{Boundary Conditions}{section.2.5}% 19
\BOOKMARK [2][-]{subsection.2.5.2}{Cauchy boundary conditions}{section.2.5}% 20
\BOOKMARK [2][-]{subsection.2.5.3}{Robin boundary conditions}{section.2.5}% 21
\BOOKMARK [0][-]{chapter.3}{Steady State Solution}{}% 22
\BOOKMARK [1][-]{section.3.1}{Linearization of the Poisson Equation}{chapter.3}% 23
\BOOKMARK [1][-]{section.3.2}{Steady State Solution To The Diffusion-Reaction Problem}{chapter.3}% 24
\BOOKMARK [1][-]{section.3.3}{Zero order solution to Poisson's equation for the electrolyte solution}{chapter.3}% 25
\BOOKMARK [1][-]{section.3.4}{Charge Density At The Interface}{chapter.3}% 26
\BOOKMARK [1][-]{section.3.5}{Solution to the concentration at first order in the current I0}{chapter.3}% 27
\BOOKMARK [1][-]{section.3.6}{Numerical Analysis}{chapter.3}% 28
\BOOKMARK [0][-]{chapter.4}{Dynamic Solution}{}% 29
\BOOKMARK [1][-]{section.4.1}{Diffusion Only}{chapter.4}% 30
\BOOKMARK [1][-]{section.4.2}{Diffusion Reaction Equation}{chapter.4}% 31
\BOOKMARK [1][-]{section.4.3}{Diffusion-Reaction Equation With Forced Current through the system.}{chapter.4}% 32
\BOOKMARK [1][-]{section.4.4}{Concentration Dependent Reaction}{chapter.4}% 33
\BOOKMARK [1][-]{section.4.5}{Diffusion-Reaction Equation With Nernst Convection Term.}{chapter.4}% 34
\BOOKMARK [0][-]{chapter.5}{Results and analysis}{}% 35
\BOOKMARK [1][-]{section.5.1}{Steady State Solution In Forced Current Regime}{chapter.5}% 36
\BOOKMARK [1][-]{section.5.2}{Concentration Dependent Boundary Condition}{chapter.5}% 37
\BOOKMARK [2][-]{subsection.5.2.1}{Time evolution}{section.5.2}% 38
\BOOKMARK [2][-]{subsection.5.2.2}{Electric field at the surface of the electrode}{section.5.2}% 39
\BOOKMARK [2][-]{subsection.5.2.3}{Grounded electrode limit}{section.5.2}% 40
\BOOKMARK [2][-]{subsection.5.2.4}{Electric Field Fluctuation As A Function Of Time}{section.5.2}% 41
\BOOKMARK [0][-]{chapter.6}{Conclusions}{}% 42
\BOOKMARK [1][-]{section.6.1}{Conclusions}{chapter.6}% 43
\BOOKMARK [1][-]{section.6.2}{Further Work}{chapter.6}% 44
\BOOKMARK [1][-]{section.6.3}{Code}{chapter.6}% 45
\BOOKMARK [0][-]{section*.25}{Appendices}{}% 46
\BOOKMARK [0][-]{Appendix.a.A}{Calculations Of Chapter 3}{}% 47
\BOOKMARK [1][-]{section.a.A.1}{Potential to first order in the current}{Appendix.a.A}% 48
\BOOKMARK [0][-]{Appendix.a.B}{Calculations And Numerical Analysis Of Chapter 4}{}% 49
\BOOKMARK [1][-]{section.a.B.1}{Analytic Solution To The Diffusion-Only Problem}{Appendix.a.B}% 50
\BOOKMARK [2][-]{subsection.a.B.1.1}{Numerical Solution To The Diffusion Only Equation}{section.a.B.1}% 51
\BOOKMARK [2][-]{subsection.a.B.1.2}{Numerical Solution To The Diffusion Equation With Reaction At The Interface}{section.a.B.1}% 52
\BOOKMARK [1][-]{section.a.B.2}{Solution Of The Diffusion Equation With Langmuir Reaction At The Interface}{Appendix.a.B}% 53
\BOOKMARK [2][-]{subsection.a.B.2.1}{Steady State}{section.a.B.2}% 54
\BOOKMARK [2][-]{subsection.a.B.2.2}{Dynamic Solution}{section.a.B.2}% 55
\BOOKMARK [1][-]{section.a.B.3}{Analytic Solution To The Diffusion Equation With Reaction At The Interface}{Appendix.a.B}% 56
\BOOKMARK [1][-]{section.a.B.4}{Diffusion-Reaction Equation With Forced Current through the system.}{Appendix.a.B}% 57
\BOOKMARK [2][-]{subsection.a.B.4.1}{Steady State Solution}{section.a.B.4}% 58
\BOOKMARK [2][-]{subsection.a.B.4.2}{Dynamic Solution}{section.a.B.4}% 59
\BOOKMARK [1][-]{section.a.B.5}{Numerical Solution Of The Nernst-Planck Equation}{Appendix.a.B}% 60
\BOOKMARK [2][-]{subsection.a.B.5.1}{Discrete equations}{section.a.B.5}% 61
\BOOKMARK [1][-]{section.a.B.6}{Matrix equations}{Appendix.a.B}% 62
