This is pdfTeX, Version 3.14159265-2.6-1.40.19 (TeX Live 2018) (preloaded format=pdflatex 2018.4.16)  8 SEP 2019 18:41
entering extended mode
 \write18 enabled.
 file:line:error style messages enabled.
 %&-line parsing enabled.
**main.tex
(./main.tex
LaTeX2e <2018-04-01> patch level 2
Babel <3.18> and hyphenation patterns for 84 language(s) loaded.
(/usr/local/texlive/2018/texmf-dist/tex/latex/base/report.cls
Document Class: report 2014/09/29 v1.4h Standard LaTeX document class
(/usr/local/texlive/2018/texmf-dist/tex/latex/base/size12.clo
File: size12.clo 2014/09/29 v1.4h Standard LaTeX file (size option)
)
\c@part=\count80
\c@chapter=\count81
\c@section=\count82
\c@subsection=\count83
\c@subsubsection=\count84
\c@paragraph=\count85
\c@subparagraph=\count86
\c@figure=\count87
\c@table=\count88
\abovecaptionskip=\skip41
\belowcaptionskip=\skip42
\bibindent=\dimen102
) (/usr/local/texlive/2018/texmf-dist/tex/latex/minted/minted.sty
Package: minted 2017/07/19 v2.5 Yet another Pygments shim for LaTeX
 (/usr/local/texlive/2018/texmf-dist/tex/latex/graphics/keyval.sty
Package: keyval 2014/10/28 v1.15 key=value parser (DPC)
\KV@toks@=\toks14
) (/usr/local/texlive/2018/texmf-dist/tex/latex/oberdiek/kvoptions.sty
Package: kvoptions 2016/05/16 v3.12 Key value format for package options (HO)
 (/usr/local/texlive/2018/texmf-dist/tex/generic/oberdiek/ltxcmds.sty
Package: ltxcmds 2016/05/16 v1.23 LaTeX kernel commands for general use (HO)
) (/usr/local/texlive/2018/texmf-dist/tex/generic/oberdiek/kvsetkeys.sty
Package: kvsetkeys 2016/05/16 v1.17 Key value parser (HO)
 (/usr/local/texlive/2018/texmf-dist/tex/generic/oberdiek/infwarerr.sty
Package: infwarerr 2016/05/16 v1.4 Providing info/warning/error messages (HO)
) (/usr/local/texlive/2018/texmf-dist/tex/generic/oberdiek/etexcmds.sty
Package: etexcmds 2016/05/16 v1.6 Avoid name clashes with e-TeX commands (HO)
 (/usr/local/texlive/2018/texmf-dist/tex/generic/oberdiek/ifluatex.sty
Package: ifluatex 2016/05/16 v1.4 Provides the ifluatex switch (HO)
Package ifluatex Info: LuaTeX not detected.
)
Package etexcmds Info: Could not find \expanded.
(etexcmds)             That can mean that you are not using pdfTeX 1.50 or
(etexcmds)             that some package has redefined \expanded.
(etexcmds)             In the latter case, load this package earlier.
))) (/usr/local/texlive/2018/texmf-dist/tex/latex/fvextra/fvextra.sty
Package: fvextra 2017/07/08 v1.3.1 fvextra - extensions and patches for fancyvrb
 (/usr/local/texlive/2018/texmf-dist/tex/latex/base/ifthen.sty
Package: ifthen 2014/09/29 v1.1c Standard LaTeX ifthen package (DPC)
) (/usr/local/texlive/2018/texmf-dist/tex/latex/etoolbox/etoolbox.sty
Package: etoolbox 2018/02/11 v2.5e e-TeX tools for LaTeX (JAW)
\etb@tempcnta=\count89
) (/usr/local/texlive/2018/texmf-dist/tex/latex/fancyvrb/fancyvrb.sty
Package: fancyvrb 2008/02/07
 Style option: `fancyvrb' v2.7a, with DG/SPQR fixes, and firstline=lastline fix <2008/02/07> (tvz)
\FV@CodeLineNo=\count90
\FV@InFile=\read1
\FV@TabBox=\box26
\c@FancyVerbLine=\count91
\FV@StepNumber=\count92
\FV@OutFile=\write3
) (/usr/local/texlive/2018/texmf-dist/tex/latex/upquote/upquote.sty
Package: upquote 2012/04/19 v1.3 upright-quote and grave-accent glyphs in verbatim
) (/usr/local/texlive/2018/texmf-dist/tex/latex/lineno/lineno.sty
Package: lineno 2005/11/02 line numbers on paragraphs v4.41
\linenopenalty=\count93
\output=\toks15
\linenoprevgraf=\count94
\linenumbersep=\dimen103
\linenumberwidth=\dimen104
\c@linenumber=\count95
\c@pagewiselinenumber=\count96
\c@LN@truepage=\count97
\c@internallinenumber=\count98
\c@internallinenumbers=\count99
\quotelinenumbersep=\dimen105
\bframerule=\dimen106
\bframesep=\dimen107
\bframebox=\box27
LaTeX Info: Redefining \\ on input line 3056.
)
\c@FV@TrueTabGroupLevel=\count100
\c@FV@TrueTabCounter=\count101
\FV@TabBox@Group=\box28
\FV@TmpLength=\skip43
\c@FV@HighlightLinesStart=\count102
\c@FV@HighlightLinesStop=\count103
\FV@LoopCount=\count104
\FV@NCharsBox=\box29
\FV@BreakIndent=\dimen108
\FV@BreakIndentNChars=\count105
\FV@BreakSymbolSepLeft=\dimen109
\FV@BreakSymbolSepLeftNChars=\count106
\FV@BreakSymbolSepRight=\dimen110
\FV@BreakSymbolSepRightNChars=\count107
\FV@BreakSymbolIndentLeft=\dimen111
\FV@BreakSymbolIndentLeftNChars=\count108
\FV@BreakSymbolIndentRight=\dimen112
\FV@BreakSymbolIndentRightNChars=\count109
\c@FancyVerbLineBreakLast=\count110
\FV@LineBox=\box30
\FV@LineIndentBox=\box31
) (/usr/local/texlive/2018/texmf-dist/tex/latex/tools/calc.sty
Package: calc 2017/05/25 v4.3 Infix arithmetic (KKT,FJ)
\calc@Acount=\count111
\calc@Bcount=\count112
\calc@Adimen=\dimen113
\calc@Bdimen=\dimen114
\calc@Askip=\skip44
\calc@Bskip=\skip45
LaTeX Info: Redefining \setlength on input line 80.
LaTeX Info: Redefining \addtolength on input line 81.
\calc@Ccount=\count113
\calc@Cskip=\skip46
) (/usr/local/texlive/2018/texmf-dist/tex/latex/tools/shellesc.sty
Package: shellesc 2016/06/07 v0.02a unified shell escape interface for LaTeX
Package shellesc Info: Unrestricted shell escape enabled on input line 67.
) (/usr/local/texlive/2018/texmf-dist/tex/latex/ifplatform/ifplatform.sty
Package: ifplatform 2017/10/13 v0.4a Testing for the operating system
 (/usr/local/texlive/2018/texmf-dist/tex/generic/oberdiek/pdftexcmds.sty
Package: pdftexcmds 2018/01/30 v0.27 Utility functions of pdfTeX for LuaTeX (HO)
 (/usr/local/texlive/2018/texmf-dist/tex/generic/oberdiek/ifpdf.sty
Package: ifpdf 2017/03/15 v3.2 Provides the ifpdf switch
)
Package pdftexcmds Info: LuaTeX not detected.
Package pdftexcmds Info: \pdf@primitive is available.
Package pdftexcmds Info: \pdf@ifprimitive is available.
Package pdftexcmds Info: \pdfdraftmode found.
) (/usr/local/texlive/2018/texmf-dist/tex/generic/oberdiek/catchfile.sty
Package: catchfile 2016/05/16 v1.7 Catch the contents of a file (HO)
)
runsystem(uname -s > "main.w18")...executed.

 (./main.w18)
runsystem(rm -- "main.w18")...executed.

) (/usr/local/texlive/2018/texmf-dist/tex/generic/xstring/xstring.sty (/usr/local/texlive/2018/texmf-dist/tex/generic/xstring/xstring.tex
\@xs@message=\write4
\integerpart=\count114
\decimalpart=\count115
)
Package: xstring 2013/10/13  v1.7c  String manipulations (C Tellechea)
) (/usr/local/texlive/2018/texmf-dist/tex/latex/framed/framed.sty
Package: framed 2011/10/22 v 0.96: framed or shaded text with page breaks
\OuterFrameSep=\skip47
\fb@frw=\dimen115
\fb@frh=\dimen116
\FrameRule=\dimen117
\FrameSep=\dimen118
) (/usr/local/texlive/2018/texmf-dist/tex/latex/float/float.sty
Package: float 2001/11/08 v1.3d Float enhancements (AL)
\c@float@type=\count116
\float@exts=\toks16
\float@box=\box32
\@float@everytoks=\toks17
\@floatcapt=\box33
)
\minted@appexistsfile=\read2
\minted@bgbox=\box34
\minted@code=\write5
\c@minted@FancyVerbLineTemp=\count117
\c@minted@pygmentizecounter=\count118
\@float@every@listing=\toks18
\c@listing=\count119
)
runsystem(mkdir -p _minted-main)...executed.

 (/usr/local/texlive/2018/texmf-dist/tex/latex/braket/braket.sty) (/usr/local/texlive/2018/texmf-dist/tex/latex/wrapfig/wrapfig.sty
\wrapoverhang=\dimen119
\WF@size=\dimen120
\c@WF@wrappedlines=\count120
\WF@box=\box35
\WF@everypar=\toks19
Package: wrapfig 2003/01/31  v 3.6
) (/usr/local/texlive/2018/texmf-dist/tex/latex/doublestroke/dsfont.sty
Package: dsfont 1995/08/01 v0.1 Double stroke roman fonts
)
(/usr/local/texlive/2018/texmf-dist/tex/latex/base/inputenc.sty
Package: inputenc 2018/04/06 v1.3b Input encoding file
\inpenc@prehook=\toks20
\inpenc@posthook=\toks21
) (/usr/local/texlive/2018/texmf-dist/tex/latex/amsmath/amsmath.sty
Package: amsmath 2017/09/02 v2.17a AMS math features
\@mathmargin=\skip48

For additional information on amsmath, use the `?' option.
(/usr/local/texlive/2018/texmf-dist/tex/latex/amsmath/amstext.sty
Package: amstext 2000/06/29 v2.01 AMS text
 (/usr/local/texlive/2018/texmf-dist/tex/latex/amsmath/amsgen.sty
File: amsgen.sty 1999/11/30 v2.0 generic functions
\@emptytoks=\toks22
\ex@=\dimen121
)) (/usr/local/texlive/2018/texmf-dist/tex/latex/amsmath/amsbsy.sty
Package: amsbsy 1999/11/29 v1.2d Bold Symbols
\pmbraise@=\dimen122
) (/usr/local/texlive/2018/texmf-dist/tex/latex/amsmath/amsopn.sty
Package: amsopn 2016/03/08 v2.02 operator names
)
\inf@bad=\count121
LaTeX Info: Redefining \frac on input line 213.
\uproot@=\count122
\leftroot@=\count123
LaTeX Info: Redefining \overline on input line 375.
\classnum@=\count124
\DOTSCASE@=\count125
LaTeX Info: Redefining \ldots on input line 472.
LaTeX Info: Redefining \dots on input line 475.
LaTeX Info: Redefining \cdots on input line 596.
\Mathstrutbox@=\box36
\strutbox@=\box37
\big@size=\dimen123
LaTeX Font Info:    Redeclaring font encoding OML on input line 712.
LaTeX Font Info:    Redeclaring font encoding OMS on input line 713.
\macc@depth=\count126
\c@MaxMatrixCols=\count127
\dotsspace@=\muskip10
\c@parentequation=\count128
\dspbrk@lvl=\count129
\tag@help=\toks23
\row@=\count130
\column@=\count131
\maxfields@=\count132
\andhelp@=\toks24
\eqnshift@=\dimen124
\alignsep@=\dimen125
\tagshift@=\dimen126
\tagwidth@=\dimen127
\totwidth@=\dimen128
\lineht@=\dimen129
\@envbody=\toks25
\multlinegap=\skip49
\multlinetaggap=\skip50
\mathdisplay@stack=\toks26
LaTeX Info: Redefining \[ on input line 2817.
LaTeX Info: Redefining \] on input line 2818.
) (/usr/local/texlive/2018/texmf-dist/tex/latex/graphics/graphicx.sty
Package: graphicx 2017/06/01 v1.1a Enhanced LaTeX Graphics (DPC,SPQR)
 (/usr/local/texlive/2018/texmf-dist/tex/latex/graphics/graphics.sty
Package: graphics 2017/06/25 v1.2c Standard LaTeX Graphics (DPC,SPQR)
 (/usr/local/texlive/2018/texmf-dist/tex/latex/graphics/trig.sty
Package: trig 2016/01/03 v1.10 sin cos tan (DPC)
) (/usr/local/texlive/2018/texmf-dist/tex/latex/graphics-cfg/graphics.cfg
File: graphics.cfg 2016/06/04 v1.11 sample graphics configuration
)
Package graphics Info: Driver file: pdftex.def on input line 99.
 (/usr/local/texlive/2018/texmf-dist/tex/latex/graphics-def/pdftex.def
File: pdftex.def 2018/01/08 v1.0l Graphics/color driver for pdftex
))
\Gin@req@height=\dimen130
\Gin@req@width=\dimen131
) (/usr/local/texlive/2018/texmf-dist/tex/latex/caption/subcaption.sty
Package: subcaption 2016/05/22 v1.1-161 Sub-captions (AR)
 (/usr/local/texlive/2018/texmf-dist/tex/latex/caption/caption.sty
Package: caption 2016/02/21 v3.3-144 Customizing captions (AR)
 (/usr/local/texlive/2018/texmf-dist/tex/latex/caption/caption3.sty
Package: caption3 2016/05/22 v1.7-166 caption3 kernel (AR)
Package caption3 Info: TeX engine: e-TeX on input line 67.
\captionmargin=\dimen132
\captionmargin@=\dimen133
\captionwidth=\dimen134
\caption@tempdima=\dimen135
\caption@indent=\dimen136
\caption@parindent=\dimen137
\caption@hangindent=\dimen138
)
\c@ContinuedFloat=\count133
Package caption Info: float package is loaded.
Package caption Info: wrapfig package is loaded.
)
\c@subfigure=\count134
\c@subtable=\count135
) (/usr/local/texlive/2018/texmf-dist/tex/latex/geometry/geometry.sty
Package: geometry 2018/03/24 v5.7 Page Geometry
 (/usr/local/texlive/2018/texmf-dist/tex/generic/oberdiek/ifvtex.sty
Package: ifvtex 2016/05/16 v1.6 Detect VTeX and its facilities (HO)
Package ifvtex Info: VTeX not detected.
) (/usr/local/texlive/2018/texmf-dist/tex/generic/ifxetex/ifxetex.sty
Package: ifxetex 2010/09/12 v0.6 Provides ifxetex conditional
)
\Gm@cnth=\count136
\Gm@cntv=\count137
\c@Gm@tempcnt=\count138
\Gm@bindingoffset=\dimen139
\Gm@wd@mp=\dimen140
\Gm@odd@mp=\dimen141
\Gm@even@mp=\dimen142
\Gm@layoutwidth=\dimen143
\Gm@layoutheight=\dimen144
\Gm@layouthoffset=\dimen145
\Gm@layoutvoffset=\dimen146
\Gm@dimlist=\toks27
) (/usr/local/texlive/2018/texmf-dist/tex/latex/tools/multicol.sty
Package: multicol 2018/04/01 v1.8r multicolumn formatting (FMi)
\c@tracingmulticols=\count139
\mult@box=\box38
\multicol@leftmargin=\dimen147
\c@unbalance=\count140
\c@collectmore=\count141
\doublecol@number=\count142
\multicoltolerance=\count143
\multicolpretolerance=\count144
\full@width=\dimen148
\page@free=\dimen149
\premulticols=\dimen150
\postmulticols=\dimen151
\multicolsep=\skip51
\multicolbaselineskip=\skip52
\partial@page=\box39
\last@line=\box40
\maxbalancingoverflow=\dimen152
\mult@rightbox=\box41
\mult@grightbox=\box42
\mult@gfirstbox=\box43
\mult@firstbox=\box44
\@tempa=\box45
\@tempa=\box46
\@tempa=\box47
\@tempa=\box48
\@tempa=\box49
\@tempa=\box50
\@tempa=\box51
\@tempa=\box52
\@tempa=\box53
\@tempa=\box54
\@tempa=\box55
\@tempa=\box56
\@tempa=\box57
\@tempa=\box58
\@tempa=\box59
\@tempa=\box60
\@tempa=\box61
\c@columnbadness=\count145
\c@finalcolumnbadness=\count146
\last@try=\dimen153
\multicolovershoot=\dimen154
\multicolundershoot=\dimen155
\mult@nat@firstbox=\box62
\colbreak@box=\box63
\mc@col@check@num=\count147
) (/usr/local/texlive/2018/texmf-dist/tex/latex/preprint/authblk.sty
Package: authblk 2001/02/27 1.3 (PWD)
\affilsep=\skip53
\@affilsep=\skip54
\c@Maxaffil=\count148
\c@authors=\count149
\c@affil=\count150
) (/usr/local/texlive/2018/texmf-dist/tex/latex/biblatex/biblatex.sty
Package: biblatex 2018/03/04 v3.11 programmable bibliographies (PK/MW)
 (/usr/local/texlive/2018/texmf-dist/tex/latex/logreq/logreq.sty
Package: logreq 2010/08/04 v1.0 xml request logger
\lrq@indent=\count151
 (/usr/local/texlive/2018/texmf-dist/tex/latex/logreq/logreq.def
File: logreq.def 2010/08/04 v1.0 logreq spec v1.0
)) (/usr/local/texlive/2018/texmf-dist/tex/latex/url/url.sty
\Urlmuskip=\muskip11
Package: url 2013/09/16  ver 3.4  Verb mode for urls, etc.
)
\c@tabx@nest=\count152
\c@listtotal=\count153
\c@listcount=\count154
\c@liststart=\count155
\c@liststop=\count156
\c@citecount=\count157
\c@citetotal=\count158
\c@multicitecount=\count159
\c@multicitetotal=\count160
\c@instcount=\count161
\c@maxnames=\count162
\c@minnames=\count163
\c@maxitems=\count164
\c@minitems=\count165
\c@citecounter=\count166
\c@savedcitecounter=\count167
\c@uniquelist=\count168
\c@uniquename=\count169
\c@refsection=\count170
\c@refsegment=\count171
\c@maxextratitle=\count172
\c@maxextratitleyear=\count173
\c@maxextradate=\count174
\c@maxextraalpha=\count175
\c@abbrvpenalty=\count176
\c@highnamepenalty=\count177
\c@lownamepenalty=\count178
\c@maxparens=\count179
\c@parenlevel=\count180
\blx@tempcnta=\count181
\blx@tempcntb=\count182
\blx@tempcntc=\count183
\blx@maxsection=\count184
\blx@maxsegment@0=\count185
\blx@notetype=\count186
\blx@parenlevel@text=\count187
\blx@parenlevel@foot=\count188
\blx@sectionciteorder@0=\count189
\labelnumberwidth=\skip55
\labelalphawidth=\skip56
\biblabelsep=\skip57
\bibitemsep=\skip58
\bibnamesep=\skip59
\bibinitsep=\skip60
\bibparsep=\skip61
\bibhang=\skip62
\blx@bcfin=\read3
\blx@bcfout=\write6
\c@mincomprange=\count190
\c@maxcomprange=\count191
\c@mincompwidth=\count192
Package biblatex Info: Trying to load biblatex default data model...
Package biblatex Info: ... file 'blx-dm.def' found.
 (/usr/local/texlive/2018/texmf-dist/tex/latex/biblatex/blx-dm.def
File: blx-dm.def 2018/03/04 v3.11 biblatex localization (PK/MW)
)
Package biblatex Info: Trying to load biblatex style data model...
Package biblatex Info: ... file 'nature.dbx' not found.
Package biblatex Info: Trying to load biblatex custom data model...
Package biblatex Info: ... file 'biblatex-dm.cfg' not found.
\c@afterword=\count193
\c@savedafterword=\count194
\c@annotator=\count195
\c@savedannotator=\count196
\c@author=\count197
\c@savedauthor=\count198
\c@bookauthor=\count199
\c@savedbookauthor=\count266
\c@commentator=\count267
\c@savedcommentator=\count268
\c@editor=\count269
\c@savededitor=\count270
\c@editora=\count271
\c@savededitora=\count272
\c@editorb=\count273
\c@savededitorb=\count274
\c@editorc=\count275
\c@savededitorc=\count276
\c@foreword=\count277
\c@savedforeword=\count278
\c@holder=\count279
\c@savedholder=\count280
\c@introduction=\count281
\c@savedintroduction=\count282
\c@namea=\count283
\c@savednamea=\count284
\c@nameb=\count285
\c@savednameb=\count286
\c@namec=\count287
\c@savednamec=\count288
\c@translator=\count289
\c@savedtranslator=\count290
\c@shortauthor=\count291
\c@savedshortauthor=\count292
\c@shorteditor=\count293
\c@savedshorteditor=\count294
\c@labelname=\count295
\c@savedlabelname=\count296
\c@institution=\count297
\c@savedinstitution=\count298
\c@lista=\count299
\c@savedlista=\count300
\c@listb=\count301
\c@savedlistb=\count302
\c@listc=\count303
\c@savedlistc=\count304
\c@listd=\count305
\c@savedlistd=\count306
\c@liste=\count307
\c@savedliste=\count308
\c@listf=\count309
\c@savedlistf=\count310
\c@location=\count311
\c@savedlocation=\count312
\c@organization=\count313
\c@savedorganization=\count314
\c@origlocation=\count315
\c@savedoriglocation=\count316
\c@origpublisher=\count317
\c@savedorigpublisher=\count318
\c@publisher=\count319
\c@savedpublisher=\count320
\c@language=\count321
\c@savedlanguage=\count322
\c@origlanguage=\count323
\c@savedoriglanguage=\count324
\c@pageref=\count325
\c@savedpageref=\count326
\shorthandwidth=\skip63
\shortjournalwidth=\skip64
\shortserieswidth=\skip65
\shorttitlewidth=\skip66
\shortauthorwidth=\skip67
\shorteditorwidth=\skip68
\locallabelnumberwidth=\skip69
\locallabelalphawidth=\skip70
\localshorthandwidth=\skip71
\localshortjournalwidth=\skip72
\localshortserieswidth=\skip73
\localshorttitlewidth=\skip74
\localshortauthorwidth=\skip75
\localshorteditorwidth=\skip76
Package biblatex Info: Trying to load compatibility code...
Package biblatex Info: ... file 'blx-compat.def' found.
 (/usr/local/texlive/2018/texmf-dist/tex/latex/biblatex/blx-compat.def
File: blx-compat.def 2018/03/04 v3.11 biblatex compatibility (PK/MW)
)
Package biblatex Info: Trying to load BibTeX backend compatibility...
Package biblatex Info: ... file 'blx-bibtex.def' found.
 (/usr/local/texlive/2018/texmf-dist/tex/latex/biblatex/blx-bibtex.def
File: blx-bibtex.def 2018/03/04 v3.11 biblatex compatibility (PK/MW)


Package biblatex Warning: Using fall-back BibTeX(8) backend:
(biblatex)                functionality may be reduced/unavailable.

)
Package biblatex Info: Trying to load generic definitions...
Package biblatex Info: ... file 'biblatex.def' found.
 (/usr/local/texlive/2018/texmf-dist/tex/latex/biblatex/biblatex.def
File: biblatex.def 2018/03/04 v3.11 biblatex compatibility (PK/MW)
\c@textcitecount=\count327
\c@textcitetotal=\count328
\c@textcitemaxnames=\count329
\c@biburlnumpenalty=\count330
\c@biburlucpenalty=\count331
\c@biburllcpenalty=\count332
\c@smartand=\count333
)
Package biblatex Info: Trying to load bibliography style 'nature'...
Package biblatex Info: ... file 'nature.bbx' found.
 (/usr/local/texlive/2018/texmf-dist/tex/latex/biblatex-nature/nature.bbx
File: nature.bbx 2017/03/01 v1.3b biblatex bibliography style
Package biblatex Info: Trying to load bibliography style 'numeric-comp'...
Package biblatex Info: ... file 'numeric-comp.bbx' found.
 (/usr/local/texlive/2018/texmf-dist/tex/latex/biblatex/bbx/numeric-comp.bbx
File: numeric-comp.bbx 2018/03/04 v3.11 biblatex bibliography style (PK/MW)
Package biblatex Info: Trying to load bibliography style 'numeric'...
Package biblatex Info: ... file 'numeric.bbx' found.
 (/usr/local/texlive/2018/texmf-dist/tex/latex/biblatex/bbx/numeric.bbx
File: numeric.bbx 2018/03/04 v3.11 biblatex bibliography style (PK/MW)
Package biblatex Info: Trying to load bibliography style 'standard'...
Package biblatex Info: ... file 'standard.bbx' found.
 (/usr/local/texlive/2018/texmf-dist/tex/latex/biblatex/bbx/standard.bbx
File: standard.bbx 2018/03/04 v3.11 biblatex bibliography style (PK/MW)
\c@bbx:relatedcount=\count334
\c@bbx:relatedtotal=\count335
))))
Package biblatex Info: Trying to load citation style 'nature'...
Package biblatex Info: ... file 'nature.cbx' found.
 (/usr/local/texlive/2018/texmf-dist/tex/latex/biblatex-nature/nature.cbx
File: nature.cbx 2017/03/01 v1.3b biblatex citation style
Package biblatex Info: Trying to load citation style 'numeric-comp'...
Package biblatex Info: ... file 'numeric-comp.cbx' found.
 (/usr/local/texlive/2018/texmf-dist/tex/latex/biblatex/cbx/numeric-comp.cbx
File: numeric-comp.cbx 2018/03/04 v3.11 biblatex citation style (PK/MW)
\c@cbx@tempcnta=\count336
\c@cbx@tempcntb=\count337
Package biblatex Info: Redefining '\cite'.
Package biblatex Info: Redefining '\parencite'.
Package biblatex Info: Redefining '\footcite'.
Package biblatex Info: Redefining '\footcitetext'.
Package biblatex Info: Redefining '\smartcite'.
Package biblatex Info: Redefining '\supercite'.
Package biblatex Info: Redefining '\textcite'.
Package biblatex Info: Redefining '\textcites'.
Package biblatex Info: Redefining '\cites'.
Package biblatex Info: Redefining '\parencites'.
Package biblatex Info: Redefining '\smartcites'.
))
Package biblatex Info: Trying to load configuration file...
Package biblatex Info: ... file 'biblatex.cfg' found.
 (/usr/local/texlive/2018/texmf-dist/tex/latex/biblatex/biblatex.cfg
File: biblatex.cfg 
)) (/usr/local/texlive/2018/texmf-dist/tex/latex/appendix/appendix.sty
Package: appendix 2009/09/02 v1.2b extra appendix facilities
\c@@pps=\count338
\c@@ppsavesec=\count339
\c@@ppsaveapp=\count340
) (/usr/local/texlive/2018/texmf-dist/tex/latex/mwe/mwe.sty
Package: mwe 2018/03/30 v0.5 Package to support minimal working examples (MWE)
 (/usr/local/texlive/2018/texmf-dist/tex/latex/lipsum/lipsum.sty
Package: lipsum 2014/07/27 v1.3 150 paragraphs of Lorem Ipsum dummy text
\c@lips@count=\count341
) (/usr/local/texlive/2018/texmf-dist/tex/latex/blindtext/blindtext.sty
Package: blindtext 2012/01/06 V2.0 blindtext-Package
 (/usr/local/texlive/2018/texmf-dist/tex/latex/tools/xspace.sty
Package: xspace 2014/10/28 v1.13 Space after command names (DPC,MH)
)
\c@blindtext=\count342
\c@Blindtext=\count343
\c@blind@countparstart=\count344
\blind@countxx=\count345
\blindtext@numBlindtext=\count346
\blind@countyy=\count347
\c@blindlist=\count348
\c@blindlistlevel=\count349
\c@blindlist@level=\count350
\blind@listitem=\count351
\c@blind@listcount=\count352
\c@blind@levelcount=\count353
\blind@mathformula=\count354
\blind@Mathformula=\count355
\c@blind@randomcount=\count356
\c@blind@randommax=\count357
\c@blind@pangramcount=\count358
\c@blind@pangrammax=\count359
)) (/usr/local/texlive/2018/texmf-dist/tex/latex/relsize/relsize.sty
Package: relsize 2013/03/29 ver 4.1
) (/usr/local/texlive/2018/texmf-dist/tex/latex/hyperref/hyperref.sty
Package: hyperref 2018/02/06 v6.86b Hypertext links for LaTeX
 (/usr/local/texlive/2018/texmf-dist/tex/generic/oberdiek/hobsub-hyperref.sty
Package: hobsub-hyperref 2016/05/16 v1.14 Bundle oberdiek, subset hyperref (HO)
 (/usr/local/texlive/2018/texmf-dist/tex/generic/oberdiek/hobsub-generic.sty
Package: hobsub-generic 2016/05/16 v1.14 Bundle oberdiek, subset generic (HO)
Package: hobsub 2016/05/16 v1.14 Construct package bundles (HO)
Package hobsub Info: Skipping package `infwarerr' (already loaded).
Package hobsub Info: Skipping package `ltxcmds' (already loaded).
Package hobsub Info: Skipping package `ifluatex' (already loaded).
Package hobsub Info: Skipping package `ifvtex' (already loaded).
Package: intcalc 2016/05/16 v1.2 Expandable calculations with integers (HO)
Package hobsub Info: Skipping package `ifpdf' (already loaded).
Package hobsub Info: Skipping package `etexcmds' (already loaded).
Package hobsub Info: Skipping package `kvsetkeys' (already loaded).
Package: kvdefinekeys 2016/05/16 v1.4 Define keys (HO)
Package hobsub Info: Skipping package `pdftexcmds' (already loaded).
Package: pdfescape 2016/05/16 v1.14 Implements pdfTeX's escape features (HO)
Package: bigintcalc 2016/05/16 v1.4 Expandable calculations on big integers (HO)
Package: bitset 2016/05/16 v1.2 Handle bit-vector datatype (HO)
Package: uniquecounter 2016/05/16 v1.3 Provide unlimited unique counter (HO)
)
Package hobsub Info: Skipping package `hobsub' (already loaded).
Package: letltxmacro 2016/05/16 v1.5 Let assignment for LaTeX macros (HO)
Package: hopatch 2016/05/16 v1.3 Wrapper for package hooks (HO)
Package: xcolor-patch 2016/05/16 xcolor patch
Package: atveryend 2016/05/16 v1.9 Hooks at the very end of document (HO)
Package: atbegshi 2016/06/09 v1.18 At begin shipout hook (HO)
Package: refcount 2016/05/16 v3.5 Data extraction from label references (HO)
Package: hycolor 2016/05/16 v1.8 Color options for hyperref/bookmark (HO)
) (/usr/local/texlive/2018/texmf-dist/tex/latex/oberdiek/auxhook.sty
Package: auxhook 2016/05/16 v1.4 Hooks for auxiliary files (HO)
)
\@linkdim=\dimen156
\Hy@linkcounter=\count360
\Hy@pagecounter=\count361
 (/usr/local/texlive/2018/texmf-dist/tex/latex/hyperref/pd1enc.def
File: pd1enc.def 2018/02/06 v6.86b Hyperref: PDFDocEncoding definition (HO)
Now handling font encoding PD1 ...
... no UTF-8 mapping file for font encoding PD1
)
\Hy@SavedSpaceFactor=\count362
 (/usr/local/texlive/2018/texmf-dist/tex/latex/latexconfig/hyperref.cfg
File: hyperref.cfg 2002/06/06 v1.2 hyperref configuration of TeXLive
)
Package hyperref Info: Hyper figures OFF on input line 4509.
Package hyperref Info: Link nesting OFF on input line 4514.
Package hyperref Info: Hyper index ON on input line 4517.
Package hyperref Info: Plain pages OFF on input line 4524.
Package hyperref Info: Backreferencing OFF on input line 4529.
Package hyperref Info: Implicit mode ON; LaTeX internals redefined.
Package hyperref Info: Bookmarks ON on input line 4762.
\c@Hy@tempcnt=\count363
LaTeX Info: Redefining \url on input line 5115.
\XeTeXLinkMargin=\dimen157
\Fld@menulength=\count364
\Field@Width=\dimen158
\Fld@charsize=\dimen159
Package hyperref Info: Hyper figures OFF on input line 6369.
Package hyperref Info: Link nesting OFF on input line 6374.
Package hyperref Info: Hyper index ON on input line 6377.
Package hyperref Info: backreferencing OFF on input line 6384.
Package hyperref Info: Link coloring OFF on input line 6389.
Package hyperref Info: Link coloring with OCG OFF on input line 6394.
Package hyperref Info: PDF/A mode OFF on input line 6399.
LaTeX Info: Redefining \ref on input line 6439.
LaTeX Info: Redefining \pageref on input line 6443.
\Hy@abspage=\count365
\c@Item=\count366
\c@Hfootnote=\count367
)
Package hyperref Info: Driver (autodetected): hpdftex.
 (/usr/local/texlive/2018/texmf-dist/tex/latex/hyperref/hpdftex.def
File: hpdftex.def 2018/02/06 v6.86b Hyperref driver for pdfTeX
\Fld@listcount=\count368
\c@bookmark@seq@number=\count369
 (/usr/local/texlive/2018/texmf-dist/tex/latex/oberdiek/rerunfilecheck.sty
Package: rerunfilecheck 2016/05/16 v1.8 Rerun checks for auxiliary files (HO)
Package uniquecounter Info: New unique counter `rerunfilecheck' on input line 282.
)
\Hy@SectionHShift=\skip77
)
Package hyperref Info: Option `colorlinks' set `false' on input line 29.
 (/usr/local/texlive/2018/texmf-dist/tex/latex/xcolor/xcolor.sty
Package: xcolor 2016/05/11 v2.12 LaTeX color extensions (UK)
 (/usr/local/texlive/2018/texmf-dist/tex/latex/graphics-cfg/color.cfg
File: color.cfg 2016/01/02 v1.6 sample color configuration
)
Package xcolor Info: Driver file: pdftex.def on input line 225.
Package xcolor Info: Model `cmy' substituted by `cmy0' on input line 1348.
Package xcolor Info: Model `hsb' substituted by `rgb' on input line 1352.
Package xcolor Info: Model `RGB' extended on input line 1364.
Package xcolor Info: Model `HTML' substituted by `rgb' on input line 1366.
Package xcolor Info: Model `Hsb' substituted by `hsb' on input line 1367.
Package xcolor Info: Model `tHsb' substituted by `hsb' on input line 1368.
Package xcolor Info: Model `HSB' substituted by `hsb' on input line 1369.
Package xcolor Info: Model `Gray' substituted by `gray' on input line 1370.
Package xcolor Info: Model `wave' substituted by `hsb' on input line 1371.
)
runsystem(which pygmentize && touch main.aex)...executed.

runsystem(rm main.aex)...executed.

Package biblatex Info: Trying to load language 'english'...
Package biblatex Info: ... file 'english.lbx' found.
 (/usr/local/texlive/2018/texmf-dist/tex/latex/biblatex/lbx/english.lbx
File: english.lbx 2018/03/04 v3.11 biblatex localization (PK/MW)
)
\@quotelevel=\count370
\@quotereset=\count371
 (./main.aux

LaTeX Warning: Label `eq:border-conditions-reaction-diffusion' multiply defined.


LaTeX Warning: Label `appendix:forced-current-analytic' multiply defined.

)
\openout1 = `main.aux'.

LaTeX Font Info:    Checking defaults for OML/cmm/m/it on input line 68.
LaTeX Font Info:    ... okay on input line 68.
LaTeX Font Info:    Checking defaults for T1/cmr/m/n on input line 68.
LaTeX Font Info:    ... okay on input line 68.
LaTeX Font Info:    Checking defaults for OT1/cmr/m/n on input line 68.
LaTeX Font Info:    ... okay on input line 68.
LaTeX Font Info:    Checking defaults for OMS/cmsy/m/n on input line 68.
LaTeX Font Info:    ... okay on input line 68.
LaTeX Font Info:    Checking defaults for OMX/cmex/m/n on input line 68.
LaTeX Font Info:    ... okay on input line 68.
LaTeX Font Info:    Checking defaults for U/cmr/m/n on input line 68.
LaTeX Font Info:    ... okay on input line 68.
LaTeX Font Info:    Checking defaults for PD1/pdf/m/n on input line 68.
LaTeX Font Info:    ... okay on input line 68.
 (/usr/local/texlive/2018/texmf-dist/tex/context/base/mkii/supp-pdf.mkii
[Loading MPS to PDF converter (version 2006.09.02).]
\scratchcounter=\count372
\scratchdimen=\dimen160
\scratchbox=\box64
\nofMPsegments=\count373
\nofMParguments=\count374
\everyMPshowfont=\toks28
\MPscratchCnt=\count375
\MPscratchDim=\dimen161
\MPnumerator=\count376
\makeMPintoPDFobject=\count377
\everyMPtoPDFconversion=\toks29
) (/usr/local/texlive/2018/texmf-dist/tex/latex/oberdiek/epstopdf-base.sty
Package: epstopdf-base 2016/05/15 v2.6 Base part for package epstopdf
 (/usr/local/texlive/2018/texmf-dist/tex/latex/oberdiek/grfext.sty
Package: grfext 2016/05/16 v1.2 Manage graphics extensions (HO)
)
Package epstopdf-base Info: Redefining graphics rule for `.eps' on input line 438.
Package grfext Info: Graphics extension search list:
(grfext)             [.pdf,.png,.jpg,.mps,.jpeg,.jbig2,.jb2,.PDF,.PNG,.JPG,.JPEG,.JBIG2,.JB2,.eps]
(grfext)             \AppendGraphicsExtensions on input line 456.
 (/usr/local/texlive/2018/texmf-dist/tex/latex/latexconfig/epstopdf-sys.cfg
File: epstopdf-sys.cfg 2010/07/13 v1.3 Configuration of (r)epstopdf for TeX Live
))
Package caption Info: Begin \AtBeginDocument code.
Package caption Info: hyperref package is loaded.
Package caption Info: End \AtBeginDocument code.

*geometry* driver: auto-detecting
*geometry* detected driver: pdftex
*geometry* verbose mode - [ preamble ] result:
* driver: pdftex
* paper: <default>
* layout: <same size as paper>
* layoutoffset:(h,v)=(0.0pt,0.0pt)
* modes: 
* h-part:(L,W,R)=(71.13188pt, 472.03123pt, 71.13188pt)
* v-part:(T,H,B)=(56.9055pt, 666.9326pt, 71.13188pt)
* \paperwidth=614.295pt
* \paperheight=794.96999pt
* \textwidth=472.03123pt
* \textheight=666.9326pt
* \oddsidemargin=-1.1381pt
* \evensidemargin=-1.1381pt
* \topmargin=-52.36449pt
* \headheight=12.0pt
* \headsep=25.0pt
* \topskip=12.0pt
* \footskip=30.0pt
* \marginparwidth=44.0pt
* \marginparsep=10.0pt
* \columnsep=10.0pt
* \skip\footins=10.8pt plus 4.0pt minus 2.0pt
* \hoffset=0.0pt
* \voffset=0.0pt
* \mag=1000
* \@twocolumnfalse
* \@twosidefalse
* \@mparswitchfalse
* \@reversemarginfalse
* (1in=72.27pt=25.4mm, 1cm=28.453pt)

Package biblatex Info: Input encoding 'utf8' detected.
Package biblatex Info: Automatic encoding selection.
(biblatex)             Assuming data encoding 'utf8'.
Package biblatex Info: Input encoding 'utf8' specified.
Package biblatex Info: Data encoding 'utf8' specified.
(biblatex)             No need to reencode data.
\openout6 = `main-blx.bib'.

Package biblatex Info: Trying to load bibliographic data...
Package biblatex Info: ... file 'main.bbl' found.
(./main.bbl

Package biblatex Warning: BibTeX reported the following issues
(biblatex)                with 'Dolde2011':
(biblatex)                - Invalid format of field 'month'.

)
Package biblatex Info: Reference section=0 on input line 68.
Package biblatex Info: Reference segment=0 on input line 68.
\AtBeginShipoutBox=\box65
Package hyperref Info: Link coloring OFF on input line 68.
 (/usr/local/texlive/2018/texmf-dist/tex/latex/hyperref/nameref.sty
Package: nameref 2016/05/21 v2.44 Cross-referencing by name of section
 (/usr/local/texlive/2018/texmf-dist/tex/generic/oberdiek/gettitlestring.sty
Package: gettitlestring 2016/05/16 v1.5 Cleanup title references (HO)
)
\c@section@level=\count378
)
LaTeX Info: Redefining \ref on input line 68.
LaTeX Info: Redefining \pageref on input line 68.
LaTeX Info: Redefining \nameref on input line 68.
 (./main.out) (./main.out)
\@outlinefile=\write7
\openout7 = `main.out'.

 [1

{/usr/local/texlive/2018/texmf-var/fonts/map/pdftex/updmap/pdftex.map}] (./main.tocpdfTeX warning (ext4): destination with the same identifier (name{page.1}) has been already used, duplicate ignored
<to be read again> 
                   \relax 
l.71 ...ne {5}Results and analysis}{46}{chapter.5}
                                                   [1

])
\tf@toc=\write8
\openout8 = `main.toc'.

 (./acknowledgment.tex [2]) [3]
Chapter 1.
(./chapters/ch01/diffusion-processes.tex [4

]
<./img/diffusion_thin_membrane.png, id=420, 447.6725pt x 453.695pt>
File: ./img/diffusion_thin_membrane.png Graphic file (type png)
<use ./img/diffusion_thin_membrane.png>
Package pdftex.def Info: ./img/diffusion_thin_membrane.png  used on input line 50.
(pdftex.def)             Requested size: 236.01561pt x 239.19725pt.
 [5 <./img/diffusion_thin_membrane.png>] [6] [7] [8]) (./chapters/ch01/electrorefinery.tex [9]

LaTeX Warning: No positions in optional float specifier.
               Default added (so using `tbp') on input line 23.

) (./chapters/ch01/langmuir-absorptio.tex [10]
Underfull \hbox (badness 10000) in paragraph at lines 60--62

 []

) (./chapters/ch02/0-diffusion-reaction-system.tex [11] [12]) (./chapters/ch03/context.tex) [13]
Chapter 2.
(./chapters/ch01/numerical-methods.tex [14

] [15]
LaTeX Font Info:    Try loading font information for OMS+cmr on input line 123.
 (/usr/local/texlive/2018/texmf-dist/tex/latex/base/omscmr.fd
File: omscmr.fd 2014/09/29 v2.5h Standard LaTeX font definitions
)
LaTeX Font Info:    Font shape `OMS/cmr/m/n' in size <12> not available
(Font)              Font shape `OMS/cmsy/m/n' tried instead on input line 123.
 [16] [17]
<./img/leveque_errors_plotting.png, id=603, 959.585pt x 698.61pt>
File: ./img/leveque_errors_plotting.png Graphic file (type png)
<use ./img/leveque_errors_plotting.png>
Package pdftex.def Info: ./img/leveque_errors_plotting.png  used on input line 214.
(pdftex.def)             Requested size: 236.01561pt x 171.8272pt.


LaTeX Warning: `!h' float specifier changed to `!ht'.

[18] [19 <./img/leveque_errors_plotting.png>] [20] [21]) [22]
Chapter 3.
(./chapters/ch02/1-analytic-solution.tex [23

]
Package epstopdf Info: Source file: <./img/comparison-phi.eps>
(epstopdf)                    date: 2019-06-23 13:19:30
(epstopdf)                    size: 500405 bytes
(epstopdf)             Output file: <./img/comparison-phi-eps-converted-to.pdf>
(epstopdf)                    date: 2019-06-23 13:19:30
(epstopdf)                    size: 84896 bytes
(epstopdf)             Command: <epstopdf --outfile=./img/comparison-phi-eps-converted-to.pdf ./img/comparison-phi.eps>
(epstopdf)             \includegraphics on input line 52.
Package epstopdf Info: Output file is already uptodate.
<./img/comparison-phi-eps-converted-to.pdf, id=695, 433.62pt x 289.08pt>
File: ./img/comparison-phi-eps-converted-to.pdf Graphic file (type pdf)
<use ./img/comparison-phi-eps-converted-to.pdf>
Package pdftex.def Info: ./img/comparison-phi-eps-converted-to.pdf  used on input line 52.
(pdftex.def)             Requested size: 283.22162pt x 188.82166pt.
 [24 <./img/comparison-phi-eps-converted-to.pdf>]
<./img/geometry.png, id=745, 642.4pt x 401.5pt>
File: ./img/geometry.png Graphic file (type png)
<use ./img/geometry.png>
Package pdftex.def Info: ./img/geometry.png  used on input line 90.
(pdftex.def)             Requested size: 236.01561pt x 147.51118pt.
 [25 <./img/geometry.png>] [26] [27] [28]
Package epstopdf Info: Source file: <./img/steady-state-poisson-boltzmanphi.eps>
(epstopdf)                    date: 2019-08-04 21:27:40
(epstopdf)                    size: 203724 bytes
(epstopdf)             Output file: <./img/steady-state-poisson-boltzmanphi-eps-converted-to.pdf>
(epstopdf)                    date: 2019-08-10 13:14:55
(epstopdf)                    size: 12957 bytes
(epstopdf)             Command: <epstopdf --outfile=./img/steady-state-poisson-boltzmanphi-eps-converted-to.pdf ./img/steady-state-poisson-boltzmanphi.eps>
(epstopdf)             \includegraphics on input line 311.
Package epstopdf Info: Output file is already uptodate.
<./img/steady-state-poisson-boltzmanphi-eps-converted-to.pdf, id=797, 1445.4pt x 1156.32pt>
File: ./img/steady-state-poisson-boltzmanphi-eps-converted-to.pdf Graphic file (type pdf)
<use ./img/steady-state-poisson-boltzmanphi-eps-converted-to.pdf>
Package pdftex.def Info: ./img/steady-state-poisson-boltzmanphi-eps-converted-to.pdf  used on input line 311.
(pdftex.def)             Requested size: 188.8096pt x 151.03264pt.
Package epstopdf Info: Source file: <./img/steady-state-poisson-boltzmanE.eps>
(epstopdf)                    date: 2019-08-04 21:27:42
(epstopdf)                    size: 204484 bytes
(epstopdf)             Output file: <./img/steady-state-poisson-boltzmanE-eps-converted-to.pdf>
(epstopdf)                    date: 2019-08-10 13:14:55
(epstopdf)                    size: 13337 bytes
(epstopdf)             Command: <epstopdf --outfile=./img/steady-state-poisson-boltzmanE-eps-converted-to.pdf ./img/steady-state-poisson-boltzmanE.eps>
(epstopdf)             \includegraphics on input line 316.
Package epstopdf Info: Output file is already uptodate.
<./img/steady-state-poisson-boltzmanE-eps-converted-to.pdf, id=798, 1445.4pt x 1156.32pt>
File: ./img/steady-state-poisson-boltzmanE-eps-converted-to.pdf Graphic file (type pdf)
<use ./img/steady-state-poisson-boltzmanE-eps-converted-to.pdf>
Package pdftex.def Info: ./img/steady-state-poisson-boltzmanE-eps-converted-to.pdf  used on input line 316.
(pdftex.def)             Requested size: 188.8096pt x 151.03264pt.
 [29]
Package epstopdf Info: Source file: <./img/sigma-voltage.eps>
(epstopdf)                    date: 2019-08-31 23:13:39
(epstopdf)                    size: 199438 bytes
(epstopdf)             Output file: <./img/sigma-voltage-eps-converted-to.pdf>
(epstopdf)                    date: 2019-08-31 23:13:51
(epstopdf)                    size: 13181 bytes
(epstopdf)             Command: <epstopdf --outfile=./img/sigma-voltage-eps-converted-to.pdf ./img/sigma-voltage.eps>
(epstopdf)             \includegraphics on input line 365.
Package epstopdf Info: Output file is already uptodate.
<./img/sigma-voltage-eps-converted-to.pdf, id=820, 1445.4pt x 1156.32pt>
File: ./img/sigma-voltage-eps-converted-to.pdf Graphic file (type pdf)
<use ./img/sigma-voltage-eps-converted-to.pdf>
Package pdftex.def Info: ./img/sigma-voltage-eps-converted-to.pdf  used on input line 365.
(pdftex.def)             Requested size: 330.42041pt x 264.32475pt.
Package epstopdf Info: Source file: <./img/voltage-sigma.eps>
(epstopdf)                    date: 2019-08-31 23:13:44
(epstopdf)                    size: 198729 bytes
(epstopdf)             Output file: <./img/voltage-sigma-eps-converted-to.pdf>
(epstopdf)                    date: 2019-08-31 23:13:52
(epstopdf)                    size: 12637 bytes
(epstopdf)             Command: <epstopdf --outfile=./img/voltage-sigma-eps-converted-to.pdf ./img/voltage-sigma.eps>
(epstopdf)             \includegraphics on input line 371.
Package epstopdf Info: Output file is already uptodate.
<./img/voltage-sigma-eps-converted-to.pdf, id=821, 1445.4pt x 1156.32pt>
File: ./img/voltage-sigma-eps-converted-to.pdf Graphic file (type pdf)
<use ./img/voltage-sigma-eps-converted-to.pdf>
Package pdftex.def Info: ./img/voltage-sigma-eps-converted-to.pdf  used on input line 371.
(pdftex.def)             Requested size: 330.42041pt x 264.32475pt.
Package epstopdf Info: Source file: <./img/sigma-concentration.eps>
(epstopdf)                    date: 2019-08-31 22:40:14
(epstopdf)                    size: 200561 bytes
(epstopdf)             Output file: <./img/sigma-concentration-eps-converted-to.pdf>
(epstopdf)                    date: 2019-08-31 22:40:22
(epstopdf)                    size: 13354 bytes
(epstopdf)             Command: <epstopdf --outfile=./img/sigma-concentration-eps-converted-to.pdf ./img/sigma-concentration.eps>
(epstopdf)             \includegraphics on input line 385.
Package epstopdf Info: Output file is already uptodate.
<./img/sigma-concentration-eps-converted-to.pdf, id=822, 1445.4pt x 1156.32pt>
File: ./img/sigma-concentration-eps-converted-to.pdf Graphic file (type pdf)
<use ./img/sigma-concentration-eps-converted-to.pdf>
Package pdftex.def Info: ./img/sigma-concentration-eps-converted-to.pdf  used on input line 385.
(pdftex.def)             Requested size: 330.42041pt x 264.32475pt.
Package epstopdf Info: Source file: <./img/voltage-concentration.eps>
(epstopdf)                    date: 2019-08-31 22:40:11
(epstopdf)                    size: 198925 bytes
(epstopdf)             Output file: <./img/voltage-concentration-eps-converted-to.pdf>
(epstopdf)                    date: 2019-08-31 22:40:22
(epstopdf)                    size: 12113 bytes
(epstopdf)             Command: <epstopdf --outfile=./img/voltage-concentration-eps-converted-to.pdf ./img/voltage-concentration.eps>
(epstopdf)             \includegraphics on input line 391.
Package epstopdf Info: Output file is already uptodate.
<./img/voltage-concentration-eps-converted-to.pdf, id=823, 1445.4pt x 1156.32pt>
File: ./img/voltage-concentration-eps-converted-to.pdf Graphic file (type pdf)
<use ./img/voltage-concentration-eps-converted-to.pdf>
Package pdftex.def Info: ./img/voltage-concentration-eps-converted-to.pdf  used on input line 391.
(pdftex.def)             Requested size: 330.42041pt x 264.32475pt.
 [30 <./img/steady-state-poisson-boltzmanphi-eps-converted-to.pdf> <./img/steady-state-poisson-boltzmanE-eps-converted-to.pdf>] [31 <./img/sigma-voltage-eps-converted-to.pdf> <./img/voltage-sigma-eps-converted-to.pdf>] [32 <./img/sigma-concentration-eps-converted-to.pdf> <./img/voltage-concentration-eps-converted-to.pdf>]

Package hyperref Warning: Token not allowed in a PDF string (PDFDocEncoding):
(hyperref)                removing `math shift' on input line 402.


Package hyperref Warning: Token not allowed in a PDF string (PDFDocEncoding):
(hyperref)                removing `subscript' on input line 402.


Package hyperref Warning: Token not allowed in a PDF string (PDFDocEncoding):
(hyperref)                removing `math shift' on input line 402.

[33]) (./chapters/ch02/2-numeric-solution.tex) [34]
Chapter 4.
(./chapters/ch03/3-dynamic-solution-analytic.tex [35

]
Package epstopdf Info: Source file: <./img/concentration-diffusiononly-comparison.eps>
(epstopdf)                    date: 2019-08-31 21:49:34
(epstopdf)                    size: 409584 bytes
(epstopdf)             Output file: <./img/concentration-diffusiononly-comparison-eps-converted-to.pdf>
(epstopdf)                    date: 2019-08-31 22:27:36
(epstopdf)                    size: 43015 bytes
(epstopdf)             Command: <epstopdf --outfile=./img/concentration-diffusiononly-comparison-eps-converted-to.pdf ./img/concentration-diffusiononly-comparison.eps>
(epstopdf)             \includegraphics on input line 83.
Package epstopdf Info: Output file is already uptodate.
<./img/concentration-diffusiononly-comparison-eps-converted-to.pdf, id=960, 1445.4pt x 1156.32pt>
File: ./img/concentration-diffusiononly-comparison-eps-converted-to.pdf Graphic file (type pdf)
<use ./img/concentration-diffusiononly-comparison-eps-converted-to.pdf>
Package pdftex.def Info: ./img/concentration-diffusiononly-comparison-eps-converted-to.pdf  used on input line 83.
(pdftex.def)             Requested size: 472.03123pt x 377.61688pt.
 [36] [37 <./img/concentration-diffusiononly-comparison-eps-converted-to.pdf>]) (./chapters/ch03/diffusion-only-numeric.tex) (./chapters/ch03/diffusion-reaction-only.tex [38]
Package epstopdf Info: Source file: <./img/diffusion-reaction-comparison.eps>
(epstopdf)                    date: 2019-08-31 21:59:19
(epstopdf)                    size: 414166 bytes
(epstopdf)             Output file: <./img/diffusion-reaction-comparison-eps-converted-to.pdf>
(epstopdf)                    date: 2019-08-31 22:27:36
(epstopdf)                    size: 44618 bytes
(epstopdf)             Command: <epstopdf --outfile=./img/diffusion-reaction-comparison-eps-converted-to.pdf ./img/diffusion-reaction-comparison.eps>
(epstopdf)             \includegraphics on input line 37.
Package epstopdf Info: Output file is already uptodate.
<./img/diffusion-reaction-comparison-eps-converted-to.pdf, id=1000, 1445.4pt x 1156.32pt>
File: ./img/diffusion-reaction-comparison-eps-converted-to.pdf Graphic file (type pdf)
<use ./img/diffusion-reaction-comparison-eps-converted-to.pdf>
Package pdftex.def Info: ./img/diffusion-reaction-comparison-eps-converted-to.pdf  used on input line 37.
(pdftex.def)             Requested size: 472.03123pt x 377.61688pt.
) (./chapters/ch03/diffusion-w-concentration-dependent-reaction.tex [39 <./img/diffusion-reaction-comparison-eps-converted-to.pdf>] [40]
Package epstopdf Info: Source file: <./img/forced-current-dynamic.eps>
(epstopdf)                    date: 2019-08-31 22:21:00
(epstopdf)                    size: 323030 bytes
(epstopdf)             Output file: <./img/forced-current-dynamic-eps-converted-to.pdf>
(epstopdf)                    date: 2019-08-31 22:27:38
(epstopdf)                    size: 25269 bytes
(epstopdf)             Command: <epstopdf --outfile=./img/forced-current-dynamic-eps-converted-to.pdf ./img/forced-current-dynamic.eps>
(epstopdf)             \includegraphics on input line 51.
Package epstopdf Info: Output file is already uptodate.
<./img/forced-current-dynamic-eps-converted-to.pdf, id=1031, 1445.4pt x 1156.32pt>
File: ./img/forced-current-dynamic-eps-converted-to.pdf Graphic file (type pdf)
<use ./img/forced-current-dynamic-eps-converted-to.pdf>
Package pdftex.def Info: ./img/forced-current-dynamic-eps-converted-to.pdf  used on input line 51.
(pdftex.def)             Requested size: 472.03123pt x 377.61688pt.
) (./chapters/ch03/diffusion-reaction-numeric.tex) (./chapters/ch03/diffusion-reaction-concentration-dependent.tex [41 <./img/forced-current-dynamic-eps-converted-to.pdf>]
Package epstopdf Info: Source file: <./img/concentration-diffusion-reaction-robin-comparison.eps>
(epstopdf)                    date: 2019-08-31 22:28:10
(epstopdf)                    size: 316941 bytes
(epstopdf)             Output file: <./img/concentration-diffusion-reaction-robin-comparison-eps-converted-to.pdf>
(epstopdf)                    date: 2019-08-31 22:28:11
(epstopdf)                    size: 29635 bytes
(epstopdf)             Command: <epstopdf --outfile=./img/concentration-diffusion-reaction-robin-comparison-eps-converted-to.pdf ./img/concentration-diffusion-reaction-robin-comparison.eps>
(epstopdf)             \includegraphics on input line 61.
Package epstopdf Info: Output file is already uptodate.
<./img/concentration-diffusion-reaction-robin-comparison-eps-converted-to.pdf, id=1050, 1445.4pt x 1156.32pt>
File: ./img/concentration-diffusion-reaction-robin-comparison-eps-converted-to.pdf Graphic file (type pdf)
<use ./img/concentration-diffusion-reaction-robin-comparison-eps-converted-to.pdf>
Package pdftex.def Info: ./img/concentration-diffusion-reaction-robin-comparison-eps-converted-to.pdf  used on input line 61.
(pdftex.def)             Requested size: 472.03123pt x 377.61688pt.
 [42] [43 <./img/concentration-diffusion-reaction-robin-comparison-eps-converted-to.pdf>]) (./chapters/ch03/complete-dynamic-problem.tex
Package epstopdf Info: Source file: <./img/complete-diffusion-nernst.eps>
(epstopdf)                    date: 2019-09-01 17:52:26
(epstopdf)                    size: 312373 bytes
(epstopdf)             Output file: <./img/complete-diffusion-nernst-eps-converted-to.pdf>
(epstopdf)                    date: 2019-09-01 17:54:53
(epstopdf)                    size: 24396 bytes
(epstopdf)             Command: <epstopdf --outfile=./img/complete-diffusion-nernst-eps-converted-to.pdf ./img/complete-diffusion-nernst.eps>
(epstopdf)             \includegraphics on input line 50.
Package epstopdf Info: Output file is already uptodate.
<./img/complete-diffusion-nernst-eps-converted-to.pdf, id=1079, 1445.4pt x 1156.32pt>
File: ./img/complete-diffusion-nernst-eps-converted-to.pdf Graphic file (type pdf)
<use ./img/complete-diffusion-nernst-eps-converted-to.pdf>
Package pdftex.def Info: ./img/complete-diffusion-nernst-eps-converted-to.pdf  used on input line 50.
(pdftex.def)             Requested size: 472.03123pt x 377.61688pt.
) [44] [45 <./img/complete-diffusion-nernst-eps-converted-to.pdf>]
Chapter 5.
(./chapters/ch04/results_ss.tex
Package epstopdf Info: Source file: <./img/analytic-results.eps>
(epstopdf)                    date: 2019-08-03 12:41:20
(epstopdf)                    size: 5314692 bytes
(epstopdf)             Output file: <./img/analytic-results-eps-converted-to.pdf>
(epstopdf)                    date: 2019-08-03 12:44:02
(epstopdf)                    size: 629815 bytes
(epstopdf)             Command: <epstopdf --outfile=./img/analytic-results-eps-converted-to.pdf ./img/analytic-results.eps>
(epstopdf)             \includegraphics on input line 17.
Package epstopdf Info: Output file is already uptodate.
<./img/analytic-results-eps-converted-to.pdf, id=1123, 1445.4pt x 1156.32pt>
File: ./img/analytic-results-eps-converted-to.pdf Graphic file (type pdf)
<use ./img/analytic-results-eps-converted-to.pdf>
Package pdftex.def Info: ./img/analytic-results-eps-converted-to.pdf  used on input line 17.
(pdftex.def)             Requested size: 472.03123pt x 377.61688pt.


LaTeX Warning: `!h' float specifier changed to `!ht'.

Package epstopdf Info: Source file: <./img/results-numeric.eps>
(epstopdf)                    date: 2019-08-04 22:04:21
(epstopdf)                    size: 1309806 bytes
(epstopdf)             Output file: <./img/results-numeric-eps-converted-to.pdf>
(epstopdf)                    date: 2019-08-10 13:14:57
(epstopdf)                    size: 162939 bytes
(epstopdf)             Command: <epstopdf --outfile=./img/results-numeric-eps-converted-to.pdf ./img/results-numeric.eps>
(epstopdf)             \includegraphics on input line 27.
Package epstopdf Info: Output file is already uptodate.
<./img/results-numeric-eps-converted-to.pdf, id=1126, 1445.4pt x 1156.32pt>
File: ./img/results-numeric-eps-converted-to.pdf Graphic file (type pdf)
<use ./img/results-numeric-eps-converted-to.pdf>
Package pdftex.def Info: ./img/results-numeric-eps-converted-to.pdf  used on input line 27.
(pdftex.def)             Requested size: 472.03123pt x 377.61688pt.
[46

]) (./chapters/ch04/results.tex [47 <./img/analytic-results-eps-converted-to.pdf>] [48 <./img/results-numeric-eps-converted-to.pdf>]
Package epstopdf Info: Source file: <./img/langmuir-diffusion-nernstE0.eps>
(epstopdf)                    date: 2019-09-01 18:10:48
(epstopdf)                    size: 260209 bytes
(epstopdf)             Output file: <./img/langmuir-diffusion-nernstE0-eps-converted-to.pdf>
(epstopdf)                    date: 2019-09-01 18:52:37
(epstopdf)                    size: 20293 bytes
(epstopdf)             Command: <epstopdf --outfile=./img/langmuir-diffusion-nernstE0-eps-converted-to.pdf ./img/langmuir-diffusion-nernstE0.eps>
(epstopdf)             \includegraphics on input line 17.
Package epstopdf Info: Output file is already uptodate.
<./img/langmuir-diffusion-nernstE0-eps-converted-to.pdf, id=1174, 1445.4pt x 1156.32pt>
File: ./img/langmuir-diffusion-nernstE0-eps-converted-to.pdf Graphic file (type pdf)
<use ./img/langmuir-diffusion-nernstE0-eps-converted-to.pdf>
Package pdftex.def Info: ./img/langmuir-diffusion-nernstE0-eps-converted-to.pdf  used on input line 17.
(pdftex.def)             Requested size: 236.01561pt x 188.80844pt.
Package epstopdf Info: Source file: <./img/langmuir-diffusion-nernstE1.eps>
(epstopdf)                    date: 2019-09-01 18:10:49
(epstopdf)                    size: 258461 bytes
(epstopdf)             Output file: <./img/langmuir-diffusion-nernstE1-eps-converted-to.pdf>
(epstopdf)                    date: 2019-09-01 18:52:38
(epstopdf)                    size: 20426 bytes
(epstopdf)             Command: <epstopdf --outfile=./img/langmuir-diffusion-nernstE1-eps-converted-to.pdf ./img/langmuir-diffusion-nernstE1.eps>
(epstopdf)             \includegraphics on input line 23.
Package epstopdf Info: Output file is already uptodate.
<./img/langmuir-diffusion-nernstE1-eps-converted-to.pdf, id=1175, 1445.4pt x 1156.32pt>
File: ./img/langmuir-diffusion-nernstE1-eps-converted-to.pdf Graphic file (type pdf)
<use ./img/langmuir-diffusion-nernstE1-eps-converted-to.pdf>
Package pdftex.def Info: ./img/langmuir-diffusion-nernstE1-eps-converted-to.pdf  used on input line 23.
(pdftex.def)             Requested size: 236.01561pt x 188.80844pt.
Package epstopdf Info: Source file: <./img/langmuir-diffusion-nernstE2.eps>
(epstopdf)                    date: 2019-09-01 18:10:50
(epstopdf)                    size: 258394 bytes
(epstopdf)             Output file: <./img/langmuir-diffusion-nernstE2-eps-converted-to.pdf>
(epstopdf)                    date: 2019-09-01 18:52:38
(epstopdf)                    size: 20508 bytes
(epstopdf)             Command: <epstopdf --outfile=./img/langmuir-diffusion-nernstE2-eps-converted-to.pdf ./img/langmuir-diffusion-nernstE2.eps>
(epstopdf)             \includegraphics on input line 29.
Package epstopdf Info: Output file is already uptodate.
<./img/langmuir-diffusion-nernstE2-eps-converted-to.pdf, id=1176, 1445.4pt x 1156.32pt>
File: ./img/langmuir-diffusion-nernstE2-eps-converted-to.pdf Graphic file (type pdf)
<use ./img/langmuir-diffusion-nernstE2-eps-converted-to.pdf>
Package pdftex.def Info: ./img/langmuir-diffusion-nernstE2-eps-converted-to.pdf  used on input line 29.
(pdftex.def)             Requested size: 236.01561pt x 188.80844pt.
Package epstopdf Info: Source file: <./img/langmuir-diffusion-nernstphi0.eps>
(epstopdf)                    date: 2019-09-01 17:54:43
(epstopdf)                    size: 259712 bytes
(epstopdf)             Output file: <./img/langmuir-diffusion-nernstphi0-eps-converted-to.pdf>
(epstopdf)                    date: 2019-09-01 17:54:54
(epstopdf)                    size: 20117 bytes
(epstopdf)             Command: <epstopdf --outfile=./img/langmuir-diffusion-nernstphi0-eps-converted-to.pdf ./img/langmuir-diffusion-nernstphi0.eps>
(epstopdf)             \includegraphics on input line 41.
Package epstopdf Info: Output file is already uptodate.
<./img/langmuir-diffusion-nernstphi0-eps-converted-to.pdf, id=1177, 1445.4pt x 1156.32pt>
File: ./img/langmuir-diffusion-nernstphi0-eps-converted-to.pdf Graphic file (type pdf)
<use ./img/langmuir-diffusion-nernstphi0-eps-converted-to.pdf>
Package pdftex.def Info: ./img/langmuir-diffusion-nernstphi0-eps-converted-to.pdf  used on input line 41.
(pdftex.def)             Requested size: 236.01561pt x 188.80844pt.
Package epstopdf Info: Source file: <./img/langmuir-diffusion-nernstphi1.eps>
(epstopdf)                    date: 2019-09-01 17:54:44
(epstopdf)                    size: 259663 bytes
(epstopdf)             Output file: <./img/langmuir-diffusion-nernstphi1-eps-converted-to.pdf>
(epstopdf)                    date: 2019-09-01 17:54:55
(epstopdf)                    size: 20318 bytes
(epstopdf)             Command: <epstopdf --outfile=./img/langmuir-diffusion-nernstphi1-eps-converted-to.pdf ./img/langmuir-diffusion-nernstphi1.eps>
(epstopdf)             \includegraphics on input line 47.
Package epstopdf Info: Output file is already uptodate.
<./img/langmuir-diffusion-nernstphi1-eps-converted-to.pdf, id=1178, 1445.4pt x 1156.32pt>
File: ./img/langmuir-diffusion-nernstphi1-eps-converted-to.pdf Graphic file (type pdf)
<use ./img/langmuir-diffusion-nernstphi1-eps-converted-to.pdf>
Package pdftex.def Info: ./img/langmuir-diffusion-nernstphi1-eps-converted-to.pdf  used on input line 47.
(pdftex.def)             Requested size: 236.01561pt x 188.80844pt.
Package epstopdf Info: Source file: <./img/langmuir-diffusion-nernstphi2.eps>
(epstopdf)                    date: 2019-09-01 17:54:46
(epstopdf)                    size: 259727 bytes
(epstopdf)             Output file: <./img/langmuir-diffusion-nernstphi2-eps-converted-to.pdf>
(epstopdf)                    date: 2019-09-01 17:54:55
(epstopdf)                    size: 20340 bytes
(epstopdf)             Command: <epstopdf --outfile=./img/langmuir-diffusion-nernstphi2-eps-converted-to.pdf ./img/langmuir-diffusion-nernstphi2.eps>
(epstopdf)             \includegraphics on input line 53.
Package epstopdf Info: Output file is already uptodate.
<./img/langmuir-diffusion-nernstphi2-eps-converted-to.pdf, id=1179, 1445.4pt x 1156.32pt>
File: ./img/langmuir-diffusion-nernstphi2-eps-converted-to.pdf Graphic file (type pdf)
<use ./img/langmuir-diffusion-nernstphi2-eps-converted-to.pdf>
Package pdftex.def Info: ./img/langmuir-diffusion-nernstphi2-eps-converted-to.pdf  used on input line 53.
(pdftex.def)             Requested size: 236.01561pt x 188.80844pt.
 [49 <./img/langmuir-diffusion-nernstE0-eps-converted-to.pdf> <./img/langmuir-diffusion-nernstE1-eps-converted-to.pdf> <./img/langmuir-diffusion-nernstE2-eps-converted-to.pdf>] [50 <./img/langmuir-diffusion-nernstphi0-eps-converted-to.pdf> <./img/langmuir-diffusion-nernstphi1-eps-converted-to.pdf> <./img/langmuir-diffusion-nernstphi2-eps-converted-to.pdf>]
Package epstopdf Info: Source file: <./img/surfaceEfield_Cb.eps>
(epstopdf)                    date: 2019-08-06 01:57:17
(epstopdf)                    size: 204921 bytes
(epstopdf)             Output file: <./img/surfaceEfield_Cb-eps-converted-to.pdf>
(epstopdf)                    date: 2019-08-10 13:15:00
(epstopdf)                    size: 13902 bytes
(epstopdf)             Command: <epstopdf --outfile=./img/surfaceEfield_Cb-eps-converted-to.pdf ./img/surfaceEfield_Cb.eps>
(epstopdf)             \includegraphics on input line 73.
Package epstopdf Info: Output file is already uptodate.
<./img/surfaceEfield_Cb-eps-converted-to.pdf, id=1251, 1445.4pt x 1156.32pt>
File: ./img/surfaceEfield_Cb-eps-converted-to.pdf Graphic file (type pdf)
<use ./img/surfaceEfield_Cb-eps-converted-to.pdf>
Package pdftex.def Info: ./img/surfaceEfield_Cb-eps-converted-to.pdf  used on input line 73.
(pdftex.def)             Requested size: 236.01561pt x 188.80844pt.
Package epstopdf Info: Source file: <./img/surfaceEfield_v.eps>
(epstopdf)                    date: 2019-08-06 01:06:09
(epstopdf)                    size: 207638 bytes
(epstopdf)             Output file: <./img/surfaceEfield_v-eps-converted-to.pdf>
(epstopdf)                    date: 2019-08-10 13:15:00
(epstopdf)                    size: 14185 bytes
(epstopdf)             Command: <epstopdf --outfile=./img/surfaceEfield_v-eps-converted-to.pdf ./img/surfaceEfield_v.eps>
(epstopdf)             \includegraphics on input line 79.
Package epstopdf Info: Output file is already uptodate.
<./img/surfaceEfield_v-eps-converted-to.pdf, id=1252, 1445.4pt x 1156.32pt>
File: ./img/surfaceEfield_v-eps-converted-to.pdf Graphic file (type pdf)
<use ./img/surfaceEfield_v-eps-converted-to.pdf>
Package pdftex.def Info: ./img/surfaceEfield_v-eps-converted-to.pdf  used on input line 79.
(pdftex.def)             Requested size: 236.01561pt x 188.80844pt.
 [51 <./img/surfaceEfield_Cb-eps-converted-to.pdf> <./img/surfaceEfield_v-eps-converted-to.pdf>]
Package epstopdf Info: Source file: <./img/complete-no-electric-field.eps>
(epstopdf)                    date: 2019-07-28 19:58:48
(epstopdf)                    size: 311412 bytes
(epstopdf)             Output file: <./img/complete-no-electric-field-eps-converted-to.pdf>
(epstopdf)                    date: 2019-07-28 22:21:34
(epstopdf)                    size: 28357 bytes
(epstopdf)             Command: <epstopdf --outfile=./img/complete-no-electric-field-eps-converted-to.pdf ./img/complete-no-electric-field.eps>
(epstopdf)             \includegraphics on input line 96.
Package epstopdf Info: Output file is already uptodate.
<./img/complete-no-electric-field-eps-converted-to.pdf, id=1280, 1445.4pt x 1156.32pt>
File: ./img/complete-no-electric-field-eps-converted-to.pdf Graphic file (type pdf)
<use ./img/complete-no-electric-field-eps-converted-to.pdf>
Package pdftex.def Info: ./img/complete-no-electric-field-eps-converted-to.pdf  used on input line 96.
(pdftex.def)             Requested size: 472.03123pt x 377.61688pt.
 [52 <./img/complete-no-electric-field-eps-converted-to.pdf>]
Package epstopdf Info: Source file: <./img/surfaceDeltaE.eps>
(epstopdf)                    date: 2019-08-05 01:19:13
(epstopdf)                    size: 200983 bytes
(epstopdf)             Output file: <./img/surfaceDeltaE-eps-converted-to.pdf>
(epstopdf)                    date: 2019-08-10 13:15:00
(epstopdf)                    size: 12486 bytes
(epstopdf)             Command: <epstopdf --outfile=./img/surfaceDeltaE-eps-converted-to.pdf ./img/surfaceDeltaE.eps>
(epstopdf)             \includegraphics on input line 122.
Package epstopdf Info: Output file is already uptodate.
<./img/surfaceDeltaE-eps-converted-to.pdf, id=1298, 1445.4pt x 1156.32pt>
File: ./img/surfaceDeltaE-eps-converted-to.pdf Graphic file (type pdf)
<use ./img/surfaceDeltaE-eps-converted-to.pdf>
Package pdftex.def Info: ./img/surfaceDeltaE-eps-converted-to.pdf  used on input line 122.
(pdftex.def)             Requested size: 472.03123pt x 377.61688pt.
 [53 <./img/surfaceDeltaE-eps-converted-to.pdf>] [54]
Package epstopdf Info: Source file: <./img/surfaceDeltaE_fitting.eps>
(epstopdf)                    date: 2019-08-05 01:19:15
(epstopdf)                    size: 194062 bytes
(epstopdf)             Output file: <./img/surfaceDeltaE_fitting-eps-converted-to.pdf>
(epstopdf)                    date: 2019-08-10 13:15:00
(epstopdf)                    size: 10137 bytes
(epstopdf)             Command: <epstopdf --outfile=./img/surfaceDeltaE_fitting-eps-converted-to.pdf ./img/surfaceDeltaE_fitting.eps>
(epstopdf)             \includegraphics on input line 151.
Package epstopdf Info: Output file is already uptodate.
<./img/surfaceDeltaE_fitting-eps-converted-to.pdf, id=1328, 1445.4pt x 1156.32pt>
File: ./img/surfaceDeltaE_fitting-eps-converted-to.pdf Graphic file (type pdf)
<use ./img/surfaceDeltaE_fitting-eps-converted-to.pdf>
Package pdftex.def Info: ./img/surfaceDeltaE_fitting-eps-converted-to.pdf  used on input line 151.
(pdftex.def)             Requested size: 472.03123pt x 377.61688pt.
 [55 <./img/surfaceDeltaE_fitting-eps-converted-to.pdf>])
Chapter 6.
(./chapters/ch06/conclusions.tex [56

]) [57] [58


]
Appendix A.
(./chapters/appendix1.tex [59

]) [60]
Appendix B.
(./chapters/appendix2.tex [61

] [62] [63]) (./chapters/appendix3.tex [64] [65]) (./chapters/appendix7.tex [66] [67]) (./chapters/appendix4.tex [68] [69] [70] [71]) (./chapters/ch03/diffusion-reaction-analytic.tex [72] [73] [74] [75]) (./chapters/appendix5.tex [76] [77]) (./chapters/appendix6.tex [78] [79]
Overfull \hbox (59.41512pt too wide) detected at line 80
[]
 []

[80]
Overfull \hbox (98.0529pt too wide) detected at line 122
[]
 []

) [81]
Package atveryend Info: Empty hook `BeforeClearDocument' on input line 129.
 [82

]
Package atveryend Info: Empty hook `AfterLastShipout' on input line 129.
 (./main.aux)
Package atveryend Info: Executing hook `AtVeryEndDocument' on input line 129.
Package atveryend Info: Executing hook `AtEndAfterFileList' on input line 129.
Package rerunfilecheck Info: File `main.out' has not changed.
(rerunfilecheck)             Checksum: 578E573D1C15BFB3F9EDC044F2E1C59F;5032.


LaTeX Warning: There were multiply-defined labels.

Package logreq Info: Writing requests to 'main.run.xml'.
\openout1 = `main.run.xml'.

 ) 
Here is how much of TeX's memory you used:
 18342 strings out of 492649
 322841 string characters out of 6129622
 752058 words of memory out of 5000000
 21249 multiletter control sequences out of 15000+600000
 14862 words of font info for 52 fonts, out of 8000000 for 9000
 1141 hyphenation exceptions out of 8191
 43i,17n,57p,1210b,1469s stack positions out of 5000i,500n,10000p,200000b,80000s
</usr/local/texlive/2018/texmf-dist/fonts/type1/public/amsfonts/cm/cmbx12.pfb></usr/local/texlive/2018/texmf-dist/fonts/type1/public/amsfonts/cm/cmbx8.pfb></usr/local/texlive/2018/texmf-dist/fonts/type1/public/amsfonts/cm/cmbxti10.pfb></usr/local/texlive/2018/texmf-dist/fonts/type1/public/amsfonts/cm/cmex10.pfb></usr/local/texlive/2018/texmf-dist/fonts/type1/public/amsfonts/cmextra/cmex8.pfb></usr/local/texlive/2018/texmf-dist/fonts/type1/public/amsfonts/cm/cmmi10.pfb></usr/local/texlive/2018/texmf-dist/fonts/type1/public/amsfonts/cm/cmmi12.pfb></usr/local/texlive/2018/texmf-dist/fonts/type1/public/amsfonts/cm/cmmi6.pfb></usr/local/texlive/2018/texmf-dist/fonts/type1/public/amsfonts/cm/cmmi8.pfb></usr/local/texlive/2018/texmf-dist/fonts/type1/public/amsfonts/cm/cmr10.pfb></usr/local/texlive/2018/texmf-dist/fonts/type1/public/amsfonts/cm/cmr12.pfb></usr/local/texlive/2018/texmf-dist/fonts/type1/public/amsfonts/cm/cmr17.pfb></usr/local/texlive/2018/texmf-dist/fonts/type1/public/amsfonts/cm/cmr6.pfb></usr/local/texlive/2018/texmf-dist/fonts/type1/public/amsfonts/cm/cmr8.pfb></usr/local/texlive/2018/texmf-dist/fonts/type1/public/amsfonts/cm/cmss17.pfb></usr/local/texlive/2018/texmf-dist/fonts/type1/public/amsfonts/cm/cmsy10.pfb></usr/local/texlive/2018/texmf-dist/fonts/type1/public/amsfonts/cm/cmsy6.pfb></usr/local/texlive/2018/texmf-dist/fonts/type1/public/amsfonts/cm/cmsy8.pfb></usr/local/texlive/2018/texmf-dist/fonts/type1/public/amsfonts/cm/cmti10.pfb></usr/local/texlive/2018/texmf-dist/fonts/type1/public/amsfonts/cm/cmti12.pfb></usr/local/texlive/2018/texmf-dist/fonts/type1/public/amsfonts/cm/cmtt12.pfb>
Output written on main.pdf (83 pages, 1628812 bytes).
PDF statistics:
 1918 PDF objects out of 2073 (max. 8388607)
 1724 compressed objects within 18 object streams
 605 named destinations out of 1000 (max. 500000)
 637 words of extra memory for PDF output out of 10000 (max. 10000000)

